c:\ds project\ds fıles\source\clıentsource\clıent\gamelıb\dıstrıbute\gamelıb.pch
c:\ds project\ds fıles\source\clıentsource\clıent\gamelıb\dıstrıbute\gamelıb.pdb
c:\ds project\ds fıles\source\clıentsource\clıent\gamelıb\dıstrıbute\stdafx.obj
c:\ds project\ds fıles\source\clıentsource\clıent\gamelıb\dıstrıbute\stdafx.cod
c:\ds project\ds fıles\source\clıentsource\clıent\gamelıb\dıstrıbute\racemanager.obj
c:\ds project\ds fıles\source\clıentsource\clıent\gamelıb\dıstrıbute\racemanager.cod
c:\ds project\ds fıles\source\clıentsource\clıent\gamelıb\dıstrıbute\racedatafıle.obj
c:\ds project\ds fıles\source\clıentsource\clıent\gamelıb\dıstrıbute\racedatafıle.cod
c:\ds project\ds fıles\source\clıentsource\clıent\gamelıb\dıstrıbute\racedata.obj
c:\ds project\ds fıles\source\clıentsource\clıent\gamelıb\dıstrıbute\racedata.cod
c:\ds project\ds fıles\source\clıentsource\clıent\gamelıb\dıstrıbute\physıcsobject.obj
c:\ds project\ds fıles\source\clıentsource\clıent\gamelıb\dıstrıbute\physıcsobject.cod
c:\ds project\ds fıles\source\clıentsource\clıent\gamelıb\dıstrıbute\dungeonblock.obj
c:\ds project\ds fıles\source\clıentsource\clıent\gamelıb\dıstrıbute\dungeonblock.cod
c:\ds project\ds fıles\source\clıentsource\clıent\gamelıb\dıstrıbute\actorınstanceweapontrace.obj
c:\ds project\ds fıles\source\clıentsource\clıent\gamelıb\dıstrıbute\actorınstanceweapontrace.cod
c:\ds project\ds fıles\source\clıentsource\clıent\gamelıb\dıstrıbute\actorınstancesync.obj
c:\ds project\ds fıles\source\clıentsource\clıent\gamelıb\dıstrıbute\actorınstancesync.cod
c:\ds project\ds fıles\source\clıentsource\clıent\gamelıb\dıstrıbute\actorınstancerotatıon.obj
c:\ds project\ds fıles\source\clıentsource\clıent\gamelıb\dıstrıbute\actorınstancerotatıon.cod
c:\ds project\ds fıles\source\clıentsource\clıent\gamelıb\dıstrıbute\actorınstancerender.obj
c:\ds project\ds fıles\source\clıentsource\clıent\gamelıb\dıstrıbute\actorınstancerender.cod
c:\ds project\ds fıles\source\clıentsource\clıent\gamelıb\dıstrıbute\actorınstanceposıtıon.obj
c:\ds project\ds fıles\source\clıentsource\clıent\gamelıb\dıstrıbute\actorınstanceposıtıon.cod
c:\ds project\ds fıles\source\clıentsource\clıent\gamelıb\dıstrıbute\actorınstancemotıonevent.obj
c:\ds project\ds fıles\source\clıentsource\clıent\gamelıb\dıstrıbute\actorınstancemotıonevent.cod
c:\ds project\ds fıles\source\clıentsource\clıent\gamelıb\dıstrıbute\actorınstancemotıon.obj
c:\ds project\ds fıles\source\clıentsource\clıent\gamelıb\dıstrıbute\actorınstancemotıon.cod
c:\ds project\ds fıles\source\clıentsource\clıent\gamelıb\dıstrıbute\actorınstancefly.obj
c:\ds project\ds fıles\source\clıentsource\clıent\gamelıb\dıstrıbute\actorınstancefly.cod
c:\ds project\ds fıles\source\clıentsource\clıent\gamelıb\dıstrıbute\actorınstanceevent.obj
c:\ds project\ds fıles\source\clıentsource\clıent\gamelıb\dıstrıbute\actorınstanceevent.cod
c:\ds project\ds fıles\source\clıentsource\clıent\gamelıb\dıstrıbute\actorınstancedata.obj
c:\ds project\ds fıles\source\clıentsource\clıent\gamelıb\dıstrıbute\actorınstancedata.cod
c:\ds project\ds fıles\source\clıentsource\clıent\gamelıb\dıstrıbute\actorınstancecollısıondetectıon.obj
c:\ds project\ds fıles\source\clıentsource\clıent\gamelıb\dıstrıbute\actorınstancecollısıondetectıon.cod
c:\ds project\ds fıles\source\clıentsource\clıent\gamelıb\dıstrıbute\actorınstanceblend.obj
c:\ds project\ds fıles\source\clıentsource\clıent\gamelıb\dıstrıbute\actorınstanceblend.cod
c:\ds project\ds fıles\source\clıentsource\clıent\gamelıb\dıstrıbute\actorınstancebattle.obj
c:\ds project\ds fıles\source\clıentsource\clıent\gamelıb\dıstrıbute\actorınstancebattle.cod
c:\ds project\ds fıles\source\clıentsource\clıent\gamelıb\dıstrıbute\actorınstanceattach.obj
c:\ds project\ds fıles\source\clıentsource\clıent\gamelıb\dıstrıbute\actorınstanceattach.cod
c:\ds project\ds fıles\source\clıentsource\clıent\gamelıb\dıstrıbute\actorınstance.obj
c:\ds project\ds fıles\source\clıentsource\clıent\gamelıb\dıstrıbute\actorınstance.cod
c:\ds project\ds fıles\source\clıentsource\clıent\gamelıb\dıstrıbute\monsterareaınfo.obj
c:\ds project\ds fıles\source\clıentsource\clıent\gamelıb\dıstrıbute\monsterareaınfo.cod
c:\ds project\ds fıles\source\clıentsource\clıent\gamelıb\dıstrıbute\maputıl.obj
c:\ds project\ds fıles\source\clıentsource\clıent\gamelıb\dıstrıbute\maputıl.cod
c:\ds project\ds fıles\source\clıentsource\clıent\gamelıb\dıstrıbute\maptype.obj
c:\ds project\ds fıles\source\clıentsource\clıent\gamelıb\dıstrıbute\maptype.cod
c:\ds project\ds fıles\source\clıentsource\clıent\gamelıb\dıstrıbute\mapoutdoorwater.obj
c:\ds project\ds fıles\source\clıentsource\clıent\gamelıb\dıstrıbute\mapoutdoorwater.cod
c:\ds project\ds fıles\source\clıentsource\clıent\gamelıb\dıstrıbute\mapoutdoorupdate.obj
c:\ds project\ds fıles\source\clıentsource\clıent\gamelıb\dıstrıbute\mapoutdoorupdate.cod
c:\ds project\ds fıles\source\clıentsource\clıent\gamelıb\dıstrıbute\mapoutdoorrenderstp.obj
c:\ds project\ds fıles\source\clıentsource\clıent\gamelıb\dıstrıbute\mapoutdoorrenderstp.cod
c:\ds project\ds fıles\source\clıentsource\clıent\gamelıb\dıstrıbute\mapoutdoorrenderhtp.obj
c:\ds project\ds fıles\source\clıentsource\clıent\gamelıb\dıstrıbute\mapoutdoorrenderhtp.cod
c:\ds project\ds fıles\source\clıentsource\clıent\gamelıb\dıstrıbute\mapoutdoorrender.obj
c:\ds project\ds fıles\source\clıentsource\clıent\gamelıb\dıstrıbute\mapoutdoorrender.cod
c:\ds project\ds fıles\source\clıentsource\clıent\gamelıb\dıstrıbute\mapoutdoorquadtree.obj
c:\ds project\ds fıles\source\clıentsource\clıent\gamelıb\dıstrıbute\mapoutdoorquadtree.cod
c:\ds project\ds fıles\source\clıentsource\clıent\gamelıb\dıstrıbute\mapoutdoorload.obj
c:\ds project\ds fıles\source\clıentsource\clıent\gamelıb\dıstrıbute\mapoutdoorload.cod
c:\ds project\ds fıles\source\clıentsource\clıent\gamelıb\dıstrıbute\mapoutdoorındexbuffer.obj
c:\ds project\ds fıles\source\clıentsource\clıent\gamelıb\dıstrıbute\mapoutdoorındexbuffer.cod
c:\ds project\ds fıles\source\clıentsource\clıent\gamelıb\dıstrıbute\mapoutdoorcharactershadow.obj
c:\ds project\ds fıles\source\clıentsource\clıent\gamelıb\dıstrıbute\mapoutdoorcharactershadow.cod
c:\ds project\ds fıles\source\clıentsource\clıent\gamelıb\dıstrıbute\mapoutdoor.obj
c:\ds project\ds fıles\source\clıentsource\clıent\gamelıb\dıstrıbute\mapoutdoor.cod
c:\ds project\ds fıles\source\clıentsource\clıent\gamelıb\dıstrıbute\mapmanager.obj
c:\ds project\ds fıles\source\clıentsource\clıent\gamelıb\dıstrıbute\mapmanager.cod
c:\ds project\ds fıles\source\clıentsource\clıent\gamelıb\dıstrıbute\mapbase.obj
c:\ds project\ds fıles\source\clıentsource\clıent\gamelıb\dıstrıbute\mapbase.cod
c:\ds project\ds fıles\source\clıentsource\clıent\gamelıb\dıstrıbute\areaterraın.obj
c:\ds project\ds fıles\source\clıentsource\clıent\gamelıb\dıstrıbute\areaterraın.cod
c:\ds project\ds fıles\source\clıentsource\clıent\gamelıb\dıstrıbute\arealoaderthread.obj
c:\ds project\ds fıles\source\clıentsource\clıent\gamelıb\dıstrıbute\arealoaderthread.cod
c:\ds project\ds fıles\source\clıentsource\clıent\gamelıb\dıstrıbute\area.obj
c:\ds project\ds fıles\source\clıentsource\clıent\gamelıb\dıstrıbute\area.cod
c:\ds project\ds fıles\source\clıentsource\clıent\gamelıb\dıstrıbute\weapontrace.obj
c:\ds project\ds fıles\source\clıentsource\clıent\gamelıb\dıstrıbute\weapontrace.cod
c:\ds project\ds fıles\source\clıentsource\clıent\gamelıb\dıstrıbute\racemotıondata.obj
c:\ds project\ds fıles\source\clıentsource\clıent\gamelıb\dıstrıbute\racemotıondata.cod
c:\ds project\ds fıles\source\clıentsource\clıent\gamelıb\dıstrıbute\flytrace.obj
c:\ds project\ds fıles\source\clıentsource\clıent\gamelıb\dıstrıbute\flytrace.cod
c:\ds project\ds fıles\source\clıentsource\clıent\gamelıb\dıstrıbute\flytarget.obj
c:\ds project\ds fıles\source\clıentsource\clıent\gamelıb\dıstrıbute\flytarget.cod
c:\ds project\ds fıles\source\clıentsource\clıent\gamelıb\dıstrıbute\flyıngobjectmanager.obj
c:\ds project\ds fıles\source\clıentsource\clıent\gamelıb\dıstrıbute\flyıngobjectmanager.cod
c:\ds project\ds fıles\source\clıentsource\clıent\gamelıb\dıstrıbute\flyıngınstance.obj
c:\ds project\ds fıles\source\clıentsource\clıent\gamelıb\dıstrıbute\flyıngınstance.cod
c:\ds project\ds fıles\source\clıentsource\clıent\gamelıb\dıstrıbute\flyıngdata.obj
c:\ds project\ds fıles\source\clıentsource\clıent\gamelıb\dıstrıbute\flyıngdata.cod
c:\ds project\ds fıles\source\clıentsource\clıent\gamelıb\dıstrıbute\ıtemmanager.obj
c:\ds project\ds fıles\source\clıentsource\clıent\gamelıb\dıstrıbute\ıtemmanager.cod
c:\ds project\ds fıles\source\clıentsource\clıent\gamelıb\dıstrıbute\ıtemdata.obj
c:\ds project\ds fıles\source\clıentsource\clıent\gamelıb\dıstrıbute\ıtemdata.cod
c:\ds project\ds fıles\source\clıentsource\clıent\gamelıb\dıstrıbute\gameutıl.obj
c:\ds project\ds fıles\source\clıentsource\clıent\gamelıb\dıstrıbute\gameutıl.cod
c:\ds project\ds fıles\source\clıentsource\clıent\gamelıb\dıstrıbute\gametype.obj
c:\ds project\ds fıles\source\clıentsource\clıent\gamelıb\dıstrıbute\gametype.cod
c:\ds project\ds fıles\source\clıentsource\clıent\gamelıb\dıstrıbute\gameeventmanager.obj
c:\ds project\ds fıles\source\clıentsource\clıent\gamelıb\dıstrıbute\gameeventmanager.cod
c:\ds project\ds fıles\source\clıentsource\clıent\gamelıb\dıstrıbute\terraınquadtree.obj
c:\ds project\ds fıles\source\clıentsource\clıent\gamelıb\dıstrıbute\terraınquadtree.cod
c:\ds project\ds fıles\source\clıentsource\clıent\gamelıb\dıstrıbute\terraınpatch.obj
c:\ds project\ds fıles\source\clıentsource\clıent\gamelıb\dıstrıbute\terraınpatch.cod
c:\ds project\ds fıles\source\clıentsource\clıent\gamelıb\dıstrıbute\terraındecal.obj
c:\ds project\ds fıles\source\clıentsource\clıent\gamelıb\dıstrıbute\terraındecal.cod
c:\ds project\ds fıles\source\clıentsource\clıent\gamelıb\dıstrıbute\snowpartıcle.obj
c:\ds project\ds fıles\source\clıentsource\clıent\gamelıb\dıstrıbute\snowpartıcle.cod
c:\ds project\ds fıles\source\clıentsource\clıent\gamelıb\dıstrıbute\snowenvıronment.obj
c:\ds project\ds fıles\source\clıentsource\clıent\gamelıb\dıstrıbute\snowenvıronment.cod
c:\ds project\ds fıles\source\clıentsource\clıent\gamelıb\dıstrıbute\propertymanager.obj
c:\ds project\ds fıles\source\clıentsource\clıent\gamelıb\dıstrıbute\propertymanager.cod
c:\ds project\ds fıles\source\clıentsource\clıent\gamelıb\dıstrıbute\propertyloader.obj
c:\ds project\ds fıles\source\clıentsource\clıent\gamelıb\dıstrıbute\propertyloader.cod
c:\ds project\ds fıles\source\clıentsource\clıent\gamelıb\dıstrıbute\property.obj
c:\ds project\ds fıles\source\clıentsource\clıent\gamelıb\dıstrıbute\property.cod
c:\ds project\ds fıles\source\clıentsource\clıent\gamelıb\dıstrıbute\gamelıb.lıb
c:\ds project\ds files\source\clientsource\client\gamelib\distribute\actorınstance.obj
c:\ds project\ds files\source\clientsource\client\gamelib\distribute\actorınstanceattach.obj
c:\ds project\ds files\source\clientsource\client\gamelib\distribute\actorınstancebattle.obj
c:\ds project\ds files\source\clientsource\client\gamelib\distribute\actorınstanceblend.obj
c:\ds project\ds files\source\clientsource\client\gamelib\distribute\actorınstancecollisiondetection.obj
c:\ds project\ds files\source\clientsource\client\gamelib\distribute\actorınstancedata.obj
c:\ds project\ds files\source\clientsource\client\gamelib\distribute\actorınstanceevent.obj
c:\ds project\ds files\source\clientsource\client\gamelib\distribute\actorınstancefly.obj
c:\ds project\ds files\source\clientsource\client\gamelib\distribute\actorınstancemotion.obj
c:\ds project\ds files\source\clientsource\client\gamelib\distribute\actorınstancemotionevent.obj
c:\ds project\ds files\source\clientsource\client\gamelib\distribute\actorınstanceposition.obj
c:\ds project\ds files\source\clientsource\client\gamelib\distribute\actorınstancerender.obj
c:\ds project\ds files\source\clientsource\client\gamelib\distribute\actorınstancerotation.obj
c:\ds project\ds files\source\clientsource\client\gamelib\distribute\actorınstancesync.obj
c:\ds project\ds files\source\clientsource\client\gamelib\distribute\actorınstanceweapontrace.obj
c:\ds project\ds files\source\clientsource\client\gamelib\distribute\area.obj
c:\ds project\ds files\source\clientsource\client\gamelib\distribute\arealoaderthread.obj
c:\ds project\ds files\source\clientsource\client\gamelib\distribute\areaterrain.obj
c:\ds project\ds files\source\clientsource\client\gamelib\distribute\dungeonblock.obj
c:\ds project\ds files\source\clientsource\client\gamelib\distribute\flyingdata.obj
c:\ds project\ds files\source\clientsource\client\gamelib\distribute\flyingınstance.obj
c:\ds project\ds files\source\clientsource\client\gamelib\distribute\flyingobjectmanager.obj
c:\ds project\ds files\source\clientsource\client\gamelib\distribute\flytarget.obj
c:\ds project\ds files\source\clientsource\client\gamelib\distribute\flytrace.obj
c:\ds project\ds files\source\clientsource\client\gamelib\distribute\gameeventmanager.obj
c:\ds project\ds files\source\clientsource\client\gamelib\distribute\gametype.obj
c:\ds project\ds files\source\clientsource\client\gamelib\distribute\gameutil.obj
c:\ds project\ds files\source\clientsource\client\gamelib\distribute\ıtemdata.obj
c:\ds project\ds files\source\clientsource\client\gamelib\distribute\ıtemmanager.obj
c:\ds project\ds files\source\clientsource\client\gamelib\distribute\mapbase.obj
c:\ds project\ds files\source\clientsource\client\gamelib\distribute\mapmanager.obj
c:\ds project\ds files\source\clientsource\client\gamelib\distribute\mapoutdoor.obj
c:\ds project\ds files\source\clientsource\client\gamelib\distribute\mapoutdoorcharactershadow.obj
c:\ds project\ds files\source\clientsource\client\gamelib\distribute\mapoutdoorındexbuffer.obj
c:\ds project\ds files\source\clientsource\client\gamelib\distribute\mapoutdoorload.obj
c:\ds project\ds files\source\clientsource\client\gamelib\distribute\mapoutdoorquadtree.obj
c:\ds project\ds files\source\clientsource\client\gamelib\distribute\mapoutdoorrender.obj
c:\ds project\ds files\source\clientsource\client\gamelib\distribute\mapoutdoorrenderhtp.obj
c:\ds project\ds files\source\clientsource\client\gamelib\distribute\mapoutdoorrenderstp.obj
c:\ds project\ds files\source\clientsource\client\gamelib\distribute\mapoutdoorupdate.obj
c:\ds project\ds files\source\clientsource\client\gamelib\distribute\mapoutdoorwater.obj
c:\ds project\ds files\source\clientsource\client\gamelib\distribute\maptype.obj
c:\ds project\ds files\source\clientsource\client\gamelib\distribute\maputil.obj
c:\ds project\ds files\source\clientsource\client\gamelib\distribute\monsterareaınfo.obj
c:\ds project\ds files\source\clientsource\client\gamelib\distribute\physicsobject.obj
c:\ds project\ds files\source\clientsource\client\gamelib\distribute\property.obj
c:\ds project\ds files\source\clientsource\client\gamelib\distribute\propertyloader.obj
c:\ds project\ds files\source\clientsource\client\gamelib\distribute\propertymanager.obj
c:\ds project\ds files\source\clientsource\client\gamelib\distribute\racedata.obj
c:\ds project\ds files\source\clientsource\client\gamelib\distribute\racedatafile.obj
c:\ds project\ds files\source\clientsource\client\gamelib\distribute\racemanager.obj
c:\ds project\ds files\source\clientsource\client\gamelib\distribute\racemotiondata.obj
c:\ds project\ds files\source\clientsource\client\gamelib\distribute\snowenvironment.obj
c:\ds project\ds files\source\clientsource\client\gamelib\distribute\snowparticle.obj
c:\ds project\ds files\source\clientsource\client\gamelib\distribute\stdafx.obj
c:\ds project\ds files\source\clientsource\client\gamelib\distribute\terraindecal.obj
c:\ds project\ds files\source\clientsource\client\gamelib\distribute\terrainpatch.obj
c:\ds project\ds files\source\clientsource\client\gamelib\distribute\terrainquadtree.obj
c:\ds project\ds files\source\clientsource\client\gamelib\distribute\weapontrace.obj
c:\ds project\ds files\source\clientsource\client\gamelib\distribute\gamelib.pch
c:\ds project\ds files\source\clientsource\client\gamelib\distribute\gamelib.pdb
c:\ds project\ds files\source\clientsource\client\gamelib\distribute\gamelib.tlog\cl.command.1.tlog
c:\ds project\ds files\source\clientsource\client\gamelib\distribute\gamelib.tlog\cl.read.1.tlog
c:\ds project\ds files\source\clientsource\client\gamelib\distribute\gamelib.tlog\cl.write.1.tlog
c:\ds project\ds files\source\clientsource\client\gamelib\distribute\gamelib.tlog\lib-link.read.1.tlog
c:\ds project\ds files\source\clientsource\client\gamelib\distribute\gamelib.tlog\lib-link.write.1.tlog
c:\ds project\ds files\source\clientsource\client\gamelib\distribute\gamelib.tlog\lib.command.1.tlog
