c:\users\burakdayanc\desktop\güncel\clıentsource\clıent\eterlıb\release\eterlıb.pch
c:\users\burakdayanc\desktop\güncel\clıentsource\clıent\eterlıb\release\eterlıb.pdb
c:\users\burakdayanc\desktop\güncel\clıentsource\clıent\eterlıb\release\stdafx.obj
c:\users\burakdayanc\desktop\güncel\clıentsource\clıent\eterlıb\release\grpvertexbuffer.obj
c:\users\burakdayanc\desktop\güncel\clıentsource\clıent\eterlıb\release\grpshadowtexture.obj
c:\users\burakdayanc\desktop\güncel\clıentsource\clıent\eterlıb\release\grpratıoınstance.obj
c:\users\burakdayanc\desktop\güncel\clıentsource\clıent\eterlıb\release\grppıxelshader.obj
c:\users\burakdayanc\desktop\güncel\clıentsource\clıent\eterlıb\release\grpobjectınstance.obj
c:\users\burakdayanc\desktop\güncel\clıentsource\clıent\eterlıb\release\grplıghtmanager.obj
c:\users\burakdayanc\desktop\güncel\clıentsource\clıent\eterlıb\release\grpındexbuffer.obj
c:\users\burakdayanc\desktop\güncel\clıentsource\clıent\eterlıb\release\grpdıb.obj
c:\users\burakdayanc\desktop\güncel\clıentsource\clıent\eterlıb\release\grpd3dxbuffer.obj
c:\users\burakdayanc\desktop\güncel\clıentsource\clıent\eterlıb\release\grpcolorınstance.obj
c:\users\burakdayanc\desktop\güncel\clıentsource\clıent\eterlıb\release\grpcolor.obj
c:\users\burakdayanc\desktop\güncel\clıentsource\clıent\eterlıb\release\grpcollısıonobject.obj
c:\users\burakdayanc\desktop\güncel\clıentsource\clıent\eterlıb\release\fıleloaderthread.obj
c:\users\burakdayanc\desktop\güncel\clıentsource\clıent\eterlıb\release\envıronmentmap.obj
c:\users\burakdayanc\desktop\güncel\clıentsource\clıent\eterlıb\release\decal.obj
c:\users\burakdayanc\desktop\güncel\clıentsource\clıent\eterlıb\release\colortransıtıonhelper.obj
c:\users\burakdayanc\desktop\güncel\clıentsource\clıent\eterlıb\release\collısıondata.obj
c:\users\burakdayanc\desktop\güncel\clıentsource\clıent\eterlıb\release\camera.obj
c:\users\burakdayanc\desktop\güncel\clıentsource\clıent\eterlıb\release\attrıbuteınstance.obj
c:\users\burakdayanc\desktop\güncel\clıentsource\clıent\eterlıb\release\attrıbutedata.obj
c:\users\burakdayanc\desktop\güncel\clıentsource\clıent\eterlıb\release\grpdetector.obj
c:\users\burakdayanc\desktop\güncel\clıentsource\clıent\eterlıb\release\grpbase.obj
c:\users\burakdayanc\desktop\güncel\clıentsource\clıent\eterlıb\release\cullıngmanager.obj
c:\users\burakdayanc\desktop\güncel\clıentsource\clıent\eterlıb\release\utıl.obj
c:\users\burakdayanc\desktop\güncel\clıentsource\clıent\eterlıb\release\thread.obj
c:\users\burakdayanc\desktop\güncel\clıentsource\clıent\eterlıb\release\targaresource.obj
c:\users\burakdayanc\desktop\güncel\clıentsource\clıent\eterlıb\release\skybox.obj
c:\users\burakdayanc\desktop\güncel\clıentsource\clıent\eterlıb\release\screenfılter.obj
c:\users\burakdayanc\desktop\güncel\clıentsource\clıent\eterlıb\release\referenceobject.obj
c:\users\burakdayanc\desktop\güncel\clıentsource\clıent\eterlıb\release\pathstack.obj
c:\users\burakdayanc\desktop\güncel\clıentsource\clıent\eterlıb\release\parser.obj
c:\users\burakdayanc\desktop\güncel\clıentsource\clıent\eterlıb\release\mutex.obj
c:\users\burakdayanc\desktop\güncel\clıentsource\clıent\eterlıb\release\mswındow.obj
c:\users\burakdayanc\desktop\güncel\clıentsource\clıent\eterlıb\release\msapplıcatıon.obj
c:\users\burakdayanc\desktop\güncel\clıentsource\clıent\eterlıb\release\lıneıntersect_utıls.obj
c:\users\burakdayanc\desktop\güncel\clıentsource\clıent\eterlıb\release\lensflare.obj
c:\users\burakdayanc\desktop\güncel\clıentsource\clıent\eterlıb\release\ınput.obj
c:\users\burakdayanc\desktop\güncel\clıentsource\clıent\eterlıb\release\grpvertexshader.obj
c:\users\burakdayanc\desktop\güncel\clıentsource\clıent\eterlıb\release\grpvertexbufferstatıc.obj
c:\users\burakdayanc\desktop\güncel\clıentsource\clıent\eterlıb\release\grpvertexbufferdynamıc.obj
c:\users\burakdayanc\desktop\güncel\clıentsource\clıent\eterlıb\release\netpacketheadermap.obj
c:\users\burakdayanc\desktop\güncel\clıentsource\clıent\eterlıb\release\netdevıce.obj
c:\users\burakdayanc\desktop\güncel\clıentsource\clıent\eterlıb\release\netdatagramsender.obj
c:\users\burakdayanc\desktop\güncel\clıentsource\clıent\eterlıb\release\netdatagramreceıver.obj
c:\users\burakdayanc\desktop\güncel\clıentsource\clıent\eterlıb\release\netdatagram.obj
c:\users\burakdayanc\desktop\güncel\clıentsource\clıent\eterlıb\release\netaddress.obj
c:\users\burakdayanc\desktop\güncel\clıentsource\clıent\eterlıb\release\grptexture.obj
c:\users\burakdayanc\desktop\güncel\clıentsource\clıent\eterlıb\release\grpsubımage.obj
c:\users\burakdayanc\desktop\güncel\clıentsource\clıent\eterlıb\release\grpmarkınstance.obj
c:\users\burakdayanc\desktop\güncel\clıentsource\clıent\eterlıb\release\grpımagetexture.obj
c:\users\burakdayanc\desktop\güncel\clıentsource\clıent\eterlıb\release\grpımageınstance.obj
c:\users\burakdayanc\desktop\güncel\clıentsource\clıent\eterlıb\release\grpımage.obj
c:\users\burakdayanc\desktop\güncel\clıentsource\clıent\eterlıb\release\grpexpandedımageınstance.obj
c:\users\burakdayanc\desktop\güncel\clıentsource\clıent\eterlıb\release\resourcemanager.obj
c:\users\burakdayanc\desktop\güncel\clıentsource\clıent\eterlıb\release\resource.obj
c:\users\burakdayanc\desktop\güncel\clıentsource\clıent\eterlıb\release\statemanager.obj
c:\users\burakdayanc\desktop\güncel\clıentsource\clıent\eterlıb\release\jpegfıle.obj
c:\users\burakdayanc\desktop\güncel\clıentsource\clıent\eterlıb\release\grpscreen.obj
c:\users\burakdayanc\desktop\güncel\clıentsource\clıent\eterlıb\release\grpmath.obj
c:\users\burakdayanc\desktop\güncel\clıentsource\clıent\eterlıb\release\grpdevıce.obj
c:\users\burakdayanc\desktop\güncel\clıentsource\clıent\eterlıb\release\textfıleloader.obj
c:\users\burakdayanc\desktop\güncel\clıentsource\clıent\eterlıb\release\ıme.obj
c:\users\burakdayanc\desktop\güncel\clıentsource\clıent\eterlıb\release\textbar.obj
c:\users\burakdayanc\desktop\güncel\clıentsource\clıent\eterlıb\release\dıbbar.obj
c:\users\burakdayanc\desktop\güncel\clıentsource\clıent\eterlıb\release\blocktexture.obj
c:\users\burakdayanc\desktop\güncel\clıentsource\clıent\eterlıb\release\texttag.obj
c:\users\burakdayanc\desktop\güncel\clıentsource\clıent\eterlıb\release\grptextınstance.obj
c:\users\burakdayanc\desktop\güncel\clıentsource\clıent\eterlıb\release\grptext.obj
c:\users\burakdayanc\desktop\güncel\clıentsource\clıent\eterlıb\release\grpfonttexture.obj
c:\users\burakdayanc\desktop\güncel\clıentsource\clıent\eterlıb\release\netstream.obj
c:\users\burakdayanc\desktop\güncel\clıentsource\clıent\eterlıb\release\eterlıb.lıb
c:\users\burakdayanc\desktop\güncel\clientsource\client\eterlib\release\attributedata.obj
c:\users\burakdayanc\desktop\güncel\clientsource\client\eterlib\release\attributeınstance.obj
c:\users\burakdayanc\desktop\güncel\clientsource\client\eterlib\release\blocktexture.obj
c:\users\burakdayanc\desktop\güncel\clientsource\client\eterlib\release\camera.obj
c:\users\burakdayanc\desktop\güncel\clientsource\client\eterlib\release\collisiondata.obj
c:\users\burakdayanc\desktop\güncel\clientsource\client\eterlib\release\colortransitionhelper.obj
c:\users\burakdayanc\desktop\güncel\clientsource\client\eterlib\release\cullingmanager.obj
c:\users\burakdayanc\desktop\güncel\clientsource\client\eterlib\release\decal.obj
c:\users\burakdayanc\desktop\güncel\clientsource\client\eterlib\release\dibbar.obj
c:\users\burakdayanc\desktop\güncel\clientsource\client\eterlib\release\environmentmap.obj
c:\users\burakdayanc\desktop\güncel\clientsource\client\eterlib\release\fileloaderthread.obj
c:\users\burakdayanc\desktop\güncel\clientsource\client\eterlib\release\grpbase.obj
c:\users\burakdayanc\desktop\güncel\clientsource\client\eterlib\release\grpcollisionobject.obj
c:\users\burakdayanc\desktop\güncel\clientsource\client\eterlib\release\grpcolor.obj
c:\users\burakdayanc\desktop\güncel\clientsource\client\eterlib\release\grpcolorınstance.obj
c:\users\burakdayanc\desktop\güncel\clientsource\client\eterlib\release\grpd3dxbuffer.obj
c:\users\burakdayanc\desktop\güncel\clientsource\client\eterlib\release\grpdetector.obj
c:\users\burakdayanc\desktop\güncel\clientsource\client\eterlib\release\grpdevice.obj
c:\users\burakdayanc\desktop\güncel\clientsource\client\eterlib\release\grpdıb.obj
c:\users\burakdayanc\desktop\güncel\clientsource\client\eterlib\release\grpexpandedımageınstance.obj
c:\users\burakdayanc\desktop\güncel\clientsource\client\eterlib\release\grpfonttexture.obj
c:\users\burakdayanc\desktop\güncel\clientsource\client\eterlib\release\grpımage.obj
c:\users\burakdayanc\desktop\güncel\clientsource\client\eterlib\release\grpımageınstance.obj
c:\users\burakdayanc\desktop\güncel\clientsource\client\eterlib\release\grpımagetexture.obj
c:\users\burakdayanc\desktop\güncel\clientsource\client\eterlib\release\grpındexbuffer.obj
c:\users\burakdayanc\desktop\güncel\clientsource\client\eterlib\release\grplightmanager.obj
c:\users\burakdayanc\desktop\güncel\clientsource\client\eterlib\release\grpmarkınstance.obj
c:\users\burakdayanc\desktop\güncel\clientsource\client\eterlib\release\grpmath.obj
c:\users\burakdayanc\desktop\güncel\clientsource\client\eterlib\release\grpobjectınstance.obj
c:\users\burakdayanc\desktop\güncel\clientsource\client\eterlib\release\grppixelshader.obj
c:\users\burakdayanc\desktop\güncel\clientsource\client\eterlib\release\grpratioınstance.obj
c:\users\burakdayanc\desktop\güncel\clientsource\client\eterlib\release\grpscreen.obj
c:\users\burakdayanc\desktop\güncel\clientsource\client\eterlib\release\grpshadowtexture.obj
c:\users\burakdayanc\desktop\güncel\clientsource\client\eterlib\release\grpsubımage.obj
c:\users\burakdayanc\desktop\güncel\clientsource\client\eterlib\release\grptext.obj
c:\users\burakdayanc\desktop\güncel\clientsource\client\eterlib\release\grptextınstance.obj
c:\users\burakdayanc\desktop\güncel\clientsource\client\eterlib\release\grptexture.obj
c:\users\burakdayanc\desktop\güncel\clientsource\client\eterlib\release\grpvertexbuffer.obj
c:\users\burakdayanc\desktop\güncel\clientsource\client\eterlib\release\grpvertexbufferdynamic.obj
c:\users\burakdayanc\desktop\güncel\clientsource\client\eterlib\release\grpvertexbufferstatic.obj
c:\users\burakdayanc\desktop\güncel\clientsource\client\eterlib\release\grpvertexshader.obj
c:\users\burakdayanc\desktop\güncel\clientsource\client\eterlib\release\ıme.obj
c:\users\burakdayanc\desktop\güncel\clientsource\client\eterlib\release\ınput.obj
c:\users\burakdayanc\desktop\güncel\clientsource\client\eterlib\release\jpegfile.obj
c:\users\burakdayanc\desktop\güncel\clientsource\client\eterlib\release\lensflare.obj
c:\users\burakdayanc\desktop\güncel\clientsource\client\eterlib\release\lineintersect_utils.obj
c:\users\burakdayanc\desktop\güncel\clientsource\client\eterlib\release\msapplication.obj
c:\users\burakdayanc\desktop\güncel\clientsource\client\eterlib\release\mswindow.obj
c:\users\burakdayanc\desktop\güncel\clientsource\client\eterlib\release\mutex.obj
c:\users\burakdayanc\desktop\güncel\clientsource\client\eterlib\release\netaddress.obj
c:\users\burakdayanc\desktop\güncel\clientsource\client\eterlib\release\netdatagram.obj
c:\users\burakdayanc\desktop\güncel\clientsource\client\eterlib\release\netdatagramreceiver.obj
c:\users\burakdayanc\desktop\güncel\clientsource\client\eterlib\release\netdatagramsender.obj
c:\users\burakdayanc\desktop\güncel\clientsource\client\eterlib\release\netdevice.obj
c:\users\burakdayanc\desktop\güncel\clientsource\client\eterlib\release\netpacketheadermap.obj
c:\users\burakdayanc\desktop\güncel\clientsource\client\eterlib\release\netstream.obj
c:\users\burakdayanc\desktop\güncel\clientsource\client\eterlib\release\parser.obj
c:\users\burakdayanc\desktop\güncel\clientsource\client\eterlib\release\pathstack.obj
c:\users\burakdayanc\desktop\güncel\clientsource\client\eterlib\release\referenceobject.obj
c:\users\burakdayanc\desktop\güncel\clientsource\client\eterlib\release\resource.obj
c:\users\burakdayanc\desktop\güncel\clientsource\client\eterlib\release\resourcemanager.obj
c:\users\burakdayanc\desktop\güncel\clientsource\client\eterlib\release\screenfilter.obj
c:\users\burakdayanc\desktop\güncel\clientsource\client\eterlib\release\skybox.obj
c:\users\burakdayanc\desktop\güncel\clientsource\client\eterlib\release\statemanager.obj
c:\users\burakdayanc\desktop\güncel\clientsource\client\eterlib\release\stdafx.obj
c:\users\burakdayanc\desktop\güncel\clientsource\client\eterlib\release\targaresource.obj
c:\users\burakdayanc\desktop\güncel\clientsource\client\eterlib\release\textbar.obj
c:\users\burakdayanc\desktop\güncel\clientsource\client\eterlib\release\textfileloader.obj
c:\users\burakdayanc\desktop\güncel\clientsource\client\eterlib\release\texttag.obj
c:\users\burakdayanc\desktop\güncel\clientsource\client\eterlib\release\thread.obj
c:\users\burakdayanc\desktop\güncel\clientsource\client\eterlib\release\util.obj
c:\users\burakdayanc\desktop\güncel\clientsource\client\eterlib\release\eterlib.pch
c:\users\burakdayanc\desktop\güncel\clientsource\client\eterlib\release\eterlib.pdb
c:\users\burakdayanc\desktop\güncel\clientsource\client\eterlib\release\eterlib.tlog\cl.command.1.tlog
c:\users\burakdayanc\desktop\güncel\clientsource\client\eterlib\release\eterlib.tlog\cl.read.1.tlog
c:\users\burakdayanc\desktop\güncel\clientsource\client\eterlib\release\eterlib.tlog\cl.write.1.tlog
c:\users\burakdayanc\desktop\güncel\clientsource\client\eterlib\release\eterlib.tlog\lib-link.read.1.tlog
c:\users\burakdayanc\desktop\güncel\clientsource\client\eterlib\release\eterlib.tlog\lib-link.write.1.tlog
c:\users\burakdayanc\desktop\güncel\clientsource\client\eterlib\release\eterlib.tlog\lib.command.1.tlog
