c:\users\burakdayanc\desktop\güncel\clıentsource\clıent\eterpythonlıb\release\eterpythonlıb.pch
c:\users\burakdayanc\desktop\güncel\clıentsource\clıent\eterpythonlıb\release\eterpythonlıb.pdb
c:\users\burakdayanc\desktop\güncel\clıentsource\clıent\eterpythonlıb\release\stdafx.obj
c:\users\burakdayanc\desktop\güncel\clıentsource\clıent\eterpythonlıb\release\pythongraphıcthıngmodule.obj
c:\users\burakdayanc\desktop\güncel\clıentsource\clıent\eterpythonlıb\release\pythongraphıctextmodule.obj
c:\users\burakdayanc\desktop\güncel\clıentsource\clıent\eterpythonlıb\release\pythongraphıcmodule.obj
c:\users\burakdayanc\desktop\güncel\clıentsource\clıent\eterpythonlıb\release\pythongraphıcımagemodule.obj
c:\users\burakdayanc\desktop\güncel\clıentsource\clıent\eterpythonlıb\release\pythongraphıc.obj
c:\users\burakdayanc\desktop\güncel\clıentsource\clıent\eterpythonlıb\release\pythonwındowmanagermodule.obj
c:\users\burakdayanc\desktop\güncel\clıentsource\clıent\eterpythonlıb\release\pythonwındowmanager.obj
c:\users\burakdayanc\desktop\güncel\clıentsource\clıent\eterpythonlıb\release\pythonwındow.obj
c:\users\burakdayanc\desktop\güncel\clıentsource\clıent\eterpythonlıb\release\pythonslotwındow.obj
c:\users\burakdayanc\desktop\güncel\clıentsource\clıent\eterpythonlıb\release\pythongrıdslotwındow.obj
c:\users\burakdayanc\desktop\güncel\clıentsource\clıent\eterpythonlıb\release\eterpythonlıb.lıb
c:\users\burakdayanc\desktop\güncel\clientsource\client\eterpythonlib\release\pythongraphic.obj
c:\users\burakdayanc\desktop\güncel\clientsource\client\eterpythonlib\release\pythongraphicımagemodule.obj
c:\users\burakdayanc\desktop\güncel\clientsource\client\eterpythonlib\release\pythongraphicmodule.obj
c:\users\burakdayanc\desktop\güncel\clientsource\client\eterpythonlib\release\pythongraphictextmodule.obj
c:\users\burakdayanc\desktop\güncel\clientsource\client\eterpythonlib\release\pythongraphicthingmodule.obj
c:\users\burakdayanc\desktop\güncel\clientsource\client\eterpythonlib\release\pythongridslotwindow.obj
c:\users\burakdayanc\desktop\güncel\clientsource\client\eterpythonlib\release\pythonslotwindow.obj
c:\users\burakdayanc\desktop\güncel\clientsource\client\eterpythonlib\release\pythonwindow.obj
c:\users\burakdayanc\desktop\güncel\clientsource\client\eterpythonlib\release\pythonwindowmanager.obj
c:\users\burakdayanc\desktop\güncel\clientsource\client\eterpythonlib\release\pythonwindowmanagermodule.obj
c:\users\burakdayanc\desktop\güncel\clientsource\client\eterpythonlib\release\stdafx.obj
c:\users\burakdayanc\desktop\güncel\clientsource\client\eterpythonlib\release\eterpythonlib.pch
c:\users\burakdayanc\desktop\güncel\clientsource\client\eterpythonlib\release\eterpythonlib.pdb
c:\users\burakdayanc\desktop\güncel\clientsource\client\eterpythonlib\release\eterpythonlib.tlog\cl.command.1.tlog
c:\users\burakdayanc\desktop\güncel\clientsource\client\eterpythonlib\release\eterpythonlib.tlog\cl.read.1.tlog
c:\users\burakdayanc\desktop\güncel\clientsource\client\eterpythonlib\release\eterpythonlib.tlog\cl.write.1.tlog
c:\users\burakdayanc\desktop\güncel\clientsource\client\eterpythonlib\release\eterpythonlib.tlog\lib-link.read.1.tlog
c:\users\burakdayanc\desktop\güncel\clientsource\client\eterpythonlib\release\eterpythonlib.tlog\lib-link.write.1.tlog
c:\users\burakdayanc\desktop\güncel\clientsource\client\eterpythonlib\release\eterpythonlib.tlog\lib.command.1.tlog
