c:\ds project\ds fıles\source\clıentsource\clıent\spherelıb\dıstrıbute\spherelıb.pch
c:\ds project\ds fıles\source\clıentsource\clıent\spherelıb\dıstrıbute\spherelıb.pdb
c:\ds project\ds fıles\source\clıentsource\clıent\spherelıb\dıstrıbute\stdafx.obj
c:\ds project\ds fıles\source\clıentsource\clıent\spherelıb\dıstrıbute\stdafx.cod
c:\ds project\ds fıles\source\clıentsource\clıent\spherelıb\dıstrıbute\spherepack.obj
c:\ds project\ds fıles\source\clıentsource\clıent\spherelıb\dıstrıbute\spherepack.cod
c:\ds project\ds fıles\source\clıentsource\clıent\spherelıb\dıstrıbute\sphere.obj
c:\ds project\ds fıles\source\clıentsource\clıent\spherelıb\dıstrıbute\sphere.cod
c:\ds project\ds fıles\source\clıentsource\clıent\spherelıb\dıstrıbute\frustum.obj
c:\ds project\ds fıles\source\clıentsource\clıent\spherelıb\dıstrıbute\frustum.cod
c:\ds project\ds fıles\source\clıentsource\clıent\spherelıb\dıstrıbute\spherelıb.lıb
c:\ds project\ds files\source\clientsource\client\spherelib\distribute\frustum.obj
c:\ds project\ds files\source\clientsource\client\spherelib\distribute\sphere.obj
c:\ds project\ds files\source\clientsource\client\spherelib\distribute\spherepack.obj
c:\ds project\ds files\source\clientsource\client\spherelib\distribute\stdafx.obj
c:\ds project\ds files\source\clientsource\client\spherelib\distribute\spherelib.pch
c:\ds project\ds files\source\clientsource\client\spherelib\distribute\spherelib.pdb
c:\ds project\ds files\source\clientsource\client\spherelib\distribute\spherelib.tlog\cl.command.1.tlog
c:\ds project\ds files\source\clientsource\client\spherelib\distribute\spherelib.tlog\cl.read.1.tlog
c:\ds project\ds files\source\clientsource\client\spherelib\distribute\spherelib.tlog\cl.write.1.tlog
c:\ds project\ds files\source\clientsource\client\spherelib\distribute\spherelib.tlog\lib-link.read.1.tlog
c:\ds project\ds files\source\clientsource\client\spherelib\distribute\spherelib.tlog\lib-link.write.1.tlog
c:\ds project\ds files\source\clientsource\client\spherelib\distribute\spherelib.tlog\lib.command.1.tlog
