e:\altyapı\dsproject\source\clıentsource\tools\dumpproto\lzo\release\lzo.pch
e:\altyapı\dsproject\source\clıentsource\tools\dumpproto\lzo\release\lzo.pdb
e:\altyapı\dsproject\source\clıentsource\tools\dumpproto\lzo\release\stdafx.obj
e:\altyapı\dsproject\source\clıentsource\tools\dumpproto\lzo\release\lzo1b_d2.obj
e:\altyapı\dsproject\source\clıentsource\tools\dumpproto\lzo\release\lzo1b_d1.obj
e:\altyapı\dsproject\source\clıentsource\tools\dumpproto\lzo\release\lzo1b_cc.obj
e:\altyapı\dsproject\source\clıentsource\tools\dumpproto\lzo\release\lzo1b_9x.obj
e:\altyapı\dsproject\source\clıentsource\tools\dumpproto\lzo\release\lzo1b_99.obj
e:\altyapı\dsproject\source\clıentsource\tools\dumpproto\lzo\release\lzo1b_9.obj
e:\altyapı\dsproject\source\clıentsource\tools\dumpproto\lzo\release\lzo1b_8.obj
e:\altyapı\dsproject\source\clıentsource\tools\dumpproto\lzo\release\lzo1b_7.obj
e:\altyapı\dsproject\source\clıentsource\tools\dumpproto\lzo\release\lzo1b_6.obj
e:\altyapı\dsproject\source\clıentsource\tools\dumpproto\lzo\release\lzo1b_5.obj
e:\altyapı\dsproject\source\clıentsource\tools\dumpproto\lzo\release\lzo1b_4.obj
e:\altyapı\dsproject\source\clıentsource\tools\dumpproto\lzo\release\lzo1b_3.obj
e:\altyapı\dsproject\source\clıentsource\tools\dumpproto\lzo\release\lzo1b_2.obj
e:\altyapı\dsproject\source\clıentsource\tools\dumpproto\lzo\release\lzo1b_1.obj
e:\altyapı\dsproject\source\clıentsource\tools\dumpproto\lzo\release\lzo1a_99.obj
e:\altyapı\dsproject\source\clıentsource\tools\dumpproto\lzo\release\lzo1a.obj
e:\altyapı\dsproject\source\clıentsource\tools\dumpproto\lzo\release\lzo1_99.obj
e:\altyapı\dsproject\source\clıentsource\tools\dumpproto\lzo\release\lzo1.obj
e:\altyapı\dsproject\source\clıentsource\tools\dumpproto\lzo\release\ıo.obj
e:\altyapı\dsproject\source\clıentsource\tools\dumpproto\lzo\release\alloc.obj
e:\altyapı\dsproject\source\clıentsource\tools\dumpproto\lzo\release\lzo1f_9x.obj
e:\altyapı\dsproject\source\clıentsource\tools\dumpproto\lzo\release\lzo1f_1.obj
e:\altyapı\dsproject\source\clıentsource\tools\dumpproto\lzo\release\lzo1c_xx.obj
e:\altyapı\dsproject\source\clıentsource\tools\dumpproto\lzo\release\lzo1c_rr.obj
e:\altyapı\dsproject\source\clıentsource\tools\dumpproto\lzo\release\lzo1c_d2.obj
e:\altyapı\dsproject\source\clıentsource\tools\dumpproto\lzo\release\lzo1c_d1.obj
e:\altyapı\dsproject\source\clıentsource\tools\dumpproto\lzo\release\lzo1c_cc.obj
e:\altyapı\dsproject\source\clıentsource\tools\dumpproto\lzo\release\lzo1c_9x.obj
e:\altyapı\dsproject\source\clıentsource\tools\dumpproto\lzo\release\lzo1c_99.obj
e:\altyapı\dsproject\source\clıentsource\tools\dumpproto\lzo\release\lzo1c_9.obj
e:\altyapı\dsproject\source\clıentsource\tools\dumpproto\lzo\release\lzo1c_8.obj
e:\altyapı\dsproject\source\clıentsource\tools\dumpproto\lzo\release\lzo1c_7.obj
e:\altyapı\dsproject\source\clıentsource\tools\dumpproto\lzo\release\lzo1c_6.obj
e:\altyapı\dsproject\source\clıentsource\tools\dumpproto\lzo\release\lzo1c_5.obj
e:\altyapı\dsproject\source\clıentsource\tools\dumpproto\lzo\release\lzo1c_4.obj
e:\altyapı\dsproject\source\clıentsource\tools\dumpproto\lzo\release\lzo1c_3.obj
e:\altyapı\dsproject\source\clıentsource\tools\dumpproto\lzo\release\lzo1c_2.obj
e:\altyapı\dsproject\source\clıentsource\tools\dumpproto\lzo\release\lzo1c_1.obj
e:\altyapı\dsproject\source\clıentsource\tools\dumpproto\lzo\release\lzo1b_xx.obj
e:\altyapı\dsproject\source\clıentsource\tools\dumpproto\lzo\release\lzo1b_rr.obj
e:\altyapı\dsproject\source\clıentsource\tools\dumpproto\lzo\release\lzo1z_d2.obj
e:\altyapı\dsproject\source\clıentsource\tools\dumpproto\lzo\release\lzo1z_d1.obj
e:\altyapı\dsproject\source\clıentsource\tools\dumpproto\lzo\release\lzo1z_9x.obj
e:\altyapı\dsproject\source\clıentsource\tools\dumpproto\lzo\release\lzo1y_o.obj
e:\altyapı\dsproject\source\clıentsource\tools\dumpproto\lzo\release\lzo1y_d3.obj
e:\altyapı\dsproject\source\clıentsource\tools\dumpproto\lzo\release\lzo1y_d2.obj
e:\altyapı\dsproject\source\clıentsource\tools\dumpproto\lzo\release\lzo1y_d1.obj
e:\altyapı\dsproject\source\clıentsource\tools\dumpproto\lzo\release\lzo1y_9x.obj
e:\altyapı\dsproject\source\clıentsource\tools\dumpproto\lzo\release\lzo1y_1.obj
e:\altyapı\dsproject\source\clıentsource\tools\dumpproto\lzo\release\lzo1x_o.obj
e:\altyapı\dsproject\source\clıentsource\tools\dumpproto\lzo\release\lzo1x_d3.obj
e:\altyapı\dsproject\source\clıentsource\tools\dumpproto\lzo\release\lzo1x_d2.obj
e:\altyapı\dsproject\source\clıentsource\tools\dumpproto\lzo\release\lzo1x_d1.obj
e:\altyapı\dsproject\source\clıentsource\tools\dumpproto\lzo\release\lzo1x_9x.obj
e:\altyapı\dsproject\source\clıentsource\tools\dumpproto\lzo\release\lzo1x_1o.obj
e:\altyapı\dsproject\source\clıentsource\tools\dumpproto\lzo\release\lzo1x_1l.obj
e:\altyapı\dsproject\source\clıentsource\tools\dumpproto\lzo\release\lzo1x_1k.obj
e:\altyapı\dsproject\source\clıentsource\tools\dumpproto\lzo\release\lzo1x_1.obj
e:\altyapı\dsproject\source\clıentsource\tools\dumpproto\lzo\release\lzo1f_d2.obj
e:\altyapı\dsproject\source\clıentsource\tools\dumpproto\lzo\release\lzo1f_d1.obj
e:\altyapı\dsproject\source\clıentsource\tools\dumpproto\lzo\release\lzo_utıl.obj
e:\altyapı\dsproject\source\clıentsource\tools\dumpproto\lzo\release\lzo_str.obj
e:\altyapı\dsproject\source\clıentsource\tools\dumpproto\lzo\release\lzo_ptr.obj
e:\altyapı\dsproject\source\clıentsource\tools\dumpproto\lzo\release\lzo_ınıt.obj
e:\altyapı\dsproject\source\clıentsource\tools\dumpproto\lzo\release\lzo_dll.obj
e:\altyapı\dsproject\source\clıentsource\tools\dumpproto\lzo\release\lzo_crc.obj
e:\altyapı\dsproject\source\clıentsource\tools\dumpproto\lzo\release\lzo2a_d2.obj
e:\altyapı\dsproject\source\clıentsource\tools\dumpproto\lzo\release\lzo2a_d1.obj
e:\altyapı\dsproject\source\clıentsource\tools\dumpproto\lzo\release\lzo2a_9x.obj
e:\altyapı\dsproject\source\clıentsource\tools\dumpproto\lzo\release\lzo1z_d3.obj
c:\ds project\ds fıles\source\clıentsource\tools\dumpproto\release\lzo.lıb
e:\altyapı\dsproject\source\clıentsource\tools\dumpproto\release\lzo.lıb
e:\dr.legendy\legendy altyapı v2\ıslem yapılan\legendy.source\clientsource\tools\dumpproto\lzo\release\alloc.obj
e:\dr.legendy\legendy altyapı v2\ıslem yapılan\legendy.source\clientsource\tools\dumpproto\lzo\release\io.obj
e:\dr.legendy\legendy altyapı v2\ıslem yapılan\legendy.source\clientsource\tools\dumpproto\lzo\release\lzo1.obj
e:\dr.legendy\legendy altyapı v2\ıslem yapılan\legendy.source\clientsource\tools\dumpproto\lzo\release\lzo1a.obj
e:\dr.legendy\legendy altyapı v2\ıslem yapılan\legendy.source\clientsource\tools\dumpproto\lzo\release\lzo1a_99.obj
e:\dr.legendy\legendy altyapı v2\ıslem yapılan\legendy.source\clientsource\tools\dumpproto\lzo\release\lzo1b_1.obj
e:\dr.legendy\legendy altyapı v2\ıslem yapılan\legendy.source\clientsource\tools\dumpproto\lzo\release\lzo1b_2.obj
e:\dr.legendy\legendy altyapı v2\ıslem yapılan\legendy.source\clientsource\tools\dumpproto\lzo\release\lzo1b_3.obj
e:\dr.legendy\legendy altyapı v2\ıslem yapılan\legendy.source\clientsource\tools\dumpproto\lzo\release\lzo1b_4.obj
e:\dr.legendy\legendy altyapı v2\ıslem yapılan\legendy.source\clientsource\tools\dumpproto\lzo\release\lzo1b_5.obj
e:\dr.legendy\legendy altyapı v2\ıslem yapılan\legendy.source\clientsource\tools\dumpproto\lzo\release\lzo1b_6.obj
e:\dr.legendy\legendy altyapı v2\ıslem yapılan\legendy.source\clientsource\tools\dumpproto\lzo\release\lzo1b_7.obj
e:\dr.legendy\legendy altyapı v2\ıslem yapılan\legendy.source\clientsource\tools\dumpproto\lzo\release\lzo1b_8.obj
e:\dr.legendy\legendy altyapı v2\ıslem yapılan\legendy.source\clientsource\tools\dumpproto\lzo\release\lzo1b_9.obj
e:\dr.legendy\legendy altyapı v2\ıslem yapılan\legendy.source\clientsource\tools\dumpproto\lzo\release\lzo1b_99.obj
e:\dr.legendy\legendy altyapı v2\ıslem yapılan\legendy.source\clientsource\tools\dumpproto\lzo\release\lzo1b_9x.obj
e:\dr.legendy\legendy altyapı v2\ıslem yapılan\legendy.source\clientsource\tools\dumpproto\lzo\release\lzo1b_cc.obj
e:\dr.legendy\legendy altyapı v2\ıslem yapılan\legendy.source\clientsource\tools\dumpproto\lzo\release\lzo1b_d1.obj
e:\dr.legendy\legendy altyapı v2\ıslem yapılan\legendy.source\clientsource\tools\dumpproto\lzo\release\lzo1b_d2.obj
e:\dr.legendy\legendy altyapı v2\ıslem yapılan\legendy.source\clientsource\tools\dumpproto\lzo\release\lzo1b_rr.obj
e:\dr.legendy\legendy altyapı v2\ıslem yapılan\legendy.source\clientsource\tools\dumpproto\lzo\release\lzo1b_xx.obj
e:\dr.legendy\legendy altyapı v2\ıslem yapılan\legendy.source\clientsource\tools\dumpproto\lzo\release\lzo1c_1.obj
e:\dr.legendy\legendy altyapı v2\ıslem yapılan\legendy.source\clientsource\tools\dumpproto\lzo\release\lzo1c_2.obj
e:\dr.legendy\legendy altyapı v2\ıslem yapılan\legendy.source\clientsource\tools\dumpproto\lzo\release\lzo1c_3.obj
e:\dr.legendy\legendy altyapı v2\ıslem yapılan\legendy.source\clientsource\tools\dumpproto\lzo\release\lzo1c_4.obj
e:\dr.legendy\legendy altyapı v2\ıslem yapılan\legendy.source\clientsource\tools\dumpproto\lzo\release\lzo1c_5.obj
e:\dr.legendy\legendy altyapı v2\ıslem yapılan\legendy.source\clientsource\tools\dumpproto\lzo\release\lzo1c_6.obj
e:\dr.legendy\legendy altyapı v2\ıslem yapılan\legendy.source\clientsource\tools\dumpproto\lzo\release\lzo1c_7.obj
e:\dr.legendy\legendy altyapı v2\ıslem yapılan\legendy.source\clientsource\tools\dumpproto\lzo\release\lzo1c_8.obj
e:\dr.legendy\legendy altyapı v2\ıslem yapılan\legendy.source\clientsource\tools\dumpproto\lzo\release\lzo1c_9.obj
e:\dr.legendy\legendy altyapı v2\ıslem yapılan\legendy.source\clientsource\tools\dumpproto\lzo\release\lzo1c_99.obj
e:\dr.legendy\legendy altyapı v2\ıslem yapılan\legendy.source\clientsource\tools\dumpproto\lzo\release\lzo1c_9x.obj
e:\dr.legendy\legendy altyapı v2\ıslem yapılan\legendy.source\clientsource\tools\dumpproto\lzo\release\lzo1c_cc.obj
e:\dr.legendy\legendy altyapı v2\ıslem yapılan\legendy.source\clientsource\tools\dumpproto\lzo\release\lzo1c_d1.obj
e:\dr.legendy\legendy altyapı v2\ıslem yapılan\legendy.source\clientsource\tools\dumpproto\lzo\release\lzo1c_d2.obj
e:\dr.legendy\legendy altyapı v2\ıslem yapılan\legendy.source\clientsource\tools\dumpproto\lzo\release\lzo1c_rr.obj
e:\dr.legendy\legendy altyapı v2\ıslem yapılan\legendy.source\clientsource\tools\dumpproto\lzo\release\lzo1c_xx.obj
e:\dr.legendy\legendy altyapı v2\ıslem yapılan\legendy.source\clientsource\tools\dumpproto\lzo\release\lzo1f_1.obj
e:\dr.legendy\legendy altyapı v2\ıslem yapılan\legendy.source\clientsource\tools\dumpproto\lzo\release\lzo1f_9x.obj
e:\dr.legendy\legendy altyapı v2\ıslem yapılan\legendy.source\clientsource\tools\dumpproto\lzo\release\lzo1f_d1.obj
e:\dr.legendy\legendy altyapı v2\ıslem yapılan\legendy.source\clientsource\tools\dumpproto\lzo\release\lzo1f_d2.obj
e:\dr.legendy\legendy altyapı v2\ıslem yapılan\legendy.source\clientsource\tools\dumpproto\lzo\release\lzo1x_1.obj
e:\dr.legendy\legendy altyapı v2\ıslem yapılan\legendy.source\clientsource\tools\dumpproto\lzo\release\lzo1x_1k.obj
e:\dr.legendy\legendy altyapı v2\ıslem yapılan\legendy.source\clientsource\tools\dumpproto\lzo\release\lzo1x_1l.obj
e:\dr.legendy\legendy altyapı v2\ıslem yapılan\legendy.source\clientsource\tools\dumpproto\lzo\release\lzo1x_1o.obj
e:\dr.legendy\legendy altyapı v2\ıslem yapılan\legendy.source\clientsource\tools\dumpproto\lzo\release\lzo1x_9x.obj
e:\dr.legendy\legendy altyapı v2\ıslem yapılan\legendy.source\clientsource\tools\dumpproto\lzo\release\lzo1x_d1.obj
e:\dr.legendy\legendy altyapı v2\ıslem yapılan\legendy.source\clientsource\tools\dumpproto\lzo\release\lzo1x_d2.obj
e:\dr.legendy\legendy altyapı v2\ıslem yapılan\legendy.source\clientsource\tools\dumpproto\lzo\release\lzo1x_d3.obj
e:\dr.legendy\legendy altyapı v2\ıslem yapılan\legendy.source\clientsource\tools\dumpproto\lzo\release\lzo1x_o.obj
e:\dr.legendy\legendy altyapı v2\ıslem yapılan\legendy.source\clientsource\tools\dumpproto\lzo\release\lzo1y_1.obj
e:\dr.legendy\legendy altyapı v2\ıslem yapılan\legendy.source\clientsource\tools\dumpproto\lzo\release\lzo1y_9x.obj
e:\dr.legendy\legendy altyapı v2\ıslem yapılan\legendy.source\clientsource\tools\dumpproto\lzo\release\lzo1y_d1.obj
e:\dr.legendy\legendy altyapı v2\ıslem yapılan\legendy.source\clientsource\tools\dumpproto\lzo\release\lzo1y_d2.obj
e:\dr.legendy\legendy altyapı v2\ıslem yapılan\legendy.source\clientsource\tools\dumpproto\lzo\release\lzo1y_d3.obj
e:\dr.legendy\legendy altyapı v2\ıslem yapılan\legendy.source\clientsource\tools\dumpproto\lzo\release\lzo1y_o.obj
e:\dr.legendy\legendy altyapı v2\ıslem yapılan\legendy.source\clientsource\tools\dumpproto\lzo\release\lzo1z_9x.obj
e:\dr.legendy\legendy altyapı v2\ıslem yapılan\legendy.source\clientsource\tools\dumpproto\lzo\release\lzo1z_d1.obj
e:\dr.legendy\legendy altyapı v2\ıslem yapılan\legendy.source\clientsource\tools\dumpproto\lzo\release\lzo1z_d2.obj
e:\dr.legendy\legendy altyapı v2\ıslem yapılan\legendy.source\clientsource\tools\dumpproto\lzo\release\lzo1z_d3.obj
e:\dr.legendy\legendy altyapı v2\ıslem yapılan\legendy.source\clientsource\tools\dumpproto\lzo\release\lzo1_99.obj
e:\dr.legendy\legendy altyapı v2\ıslem yapılan\legendy.source\clientsource\tools\dumpproto\lzo\release\lzo2a_9x.obj
e:\dr.legendy\legendy altyapı v2\ıslem yapılan\legendy.source\clientsource\tools\dumpproto\lzo\release\lzo2a_d1.obj
e:\dr.legendy\legendy altyapı v2\ıslem yapılan\legendy.source\clientsource\tools\dumpproto\lzo\release\lzo2a_d2.obj
e:\dr.legendy\legendy altyapı v2\ıslem yapılan\legendy.source\clientsource\tools\dumpproto\lzo\release\lzo_crc.obj
e:\dr.legendy\legendy altyapı v2\ıslem yapılan\legendy.source\clientsource\tools\dumpproto\lzo\release\lzo_dll.obj
e:\dr.legendy\legendy altyapı v2\ıslem yapılan\legendy.source\clientsource\tools\dumpproto\lzo\release\lzo_init.obj
e:\dr.legendy\legendy altyapı v2\ıslem yapılan\legendy.source\clientsource\tools\dumpproto\lzo\release\lzo_ptr.obj
e:\dr.legendy\legendy altyapı v2\ıslem yapılan\legendy.source\clientsource\tools\dumpproto\lzo\release\lzo_str.obj
e:\dr.legendy\legendy altyapı v2\ıslem yapılan\legendy.source\clientsource\tools\dumpproto\lzo\release\lzo_util.obj
e:\dr.legendy\legendy altyapı v2\ıslem yapılan\legendy.source\clientsource\tools\dumpproto\lzo\release\stdafx.obj
e:\dr.legendy\legendy altyapı v2\ıslem yapılan\legendy.source\clientsource\tools\dumpproto\lzo\release\lzo.pch
e:\dr.legendy\legendy altyapı v2\ıslem yapılan\legendy.source\clientsource\tools\dumpproto\lzo\release\lzo.pdb
e:\dr.legendy\legendy altyapı v2\ıslem yapılan\legendy.source\clientsource\tools\dumpproto\release\lzo.lib
e:\dr.legendy\legendy altyapı v2\ıslem yapılan\legendy.source\clientsource\tools\dumpproto\lzo\release\lzo.tlog\cl.command.1.tlog
e:\dr.legendy\legendy altyapı v2\ıslem yapılan\legendy.source\clientsource\tools\dumpproto\lzo\release\lzo.tlog\cl.read.1.tlog
e:\dr.legendy\legendy altyapı v2\ıslem yapılan\legendy.source\clientsource\tools\dumpproto\lzo\release\lzo.tlog\cl.write.1.tlog
e:\dr.legendy\legendy altyapı v2\ıslem yapılan\legendy.source\clientsource\tools\dumpproto\lzo\release\lzo.tlog\lib-link.read.1.tlog
e:\dr.legendy\legendy altyapı v2\ıslem yapılan\legendy.source\clientsource\tools\dumpproto\lzo\release\lzo.tlog\lib-link.write.1.tlog
e:\dr.legendy\legendy altyapı v2\ıslem yapılan\legendy.source\clientsource\tools\dumpproto\lzo\release\lzo.tlog\lib.command.1.tlog
