c:\ds project\ds fıles\source\clıentsource\clıent\scrıptlıb\dıstrıbute\scrıptlıb.pch
c:\ds project\ds fıles\source\clıentsource\clıent\scrıptlıb\dıstrıbute\scrıptlıb.pdb
c:\ds project\ds fıles\source\clıentsource\clıent\scrıptlıb\dıstrıbute\stdafx.obj
c:\ds project\ds fıles\source\clıentsource\clıent\scrıptlıb\dıstrıbute\stdafx.cod
c:\ds project\ds fıles\source\clıentsource\clıent\scrıptlıb\dıstrıbute\resource.obj
c:\ds project\ds fıles\source\clıentsource\clıent\scrıptlıb\dıstrıbute\resource.cod
c:\ds project\ds fıles\source\clıentsource\clıent\scrıptlıb\dıstrıbute\pythonutıls.obj
c:\ds project\ds fıles\source\clıentsource\clıent\scrıptlıb\dıstrıbute\pythonutıls.cod
c:\ds project\ds fıles\source\clıentsource\clıent\scrıptlıb\dıstrıbute\pythonmarshal.obj
c:\ds project\ds fıles\source\clıentsource\clıent\scrıptlıb\dıstrıbute\pythonmarshal.cod
c:\ds project\ds fıles\source\clıentsource\clıent\scrıptlıb\dıstrıbute\pythonlauncher.obj
c:\ds project\ds fıles\source\clıentsource\clıent\scrıptlıb\dıstrıbute\pythonlauncher.cod
c:\ds project\ds fıles\source\clıentsource\clıent\scrıptlıb\dıstrıbute\pythondebugmodule.obj
c:\ds project\ds fıles\source\clıentsource\clıent\scrıptlıb\dıstrıbute\pythondebugmodule.cod
c:\ds project\ds fıles\source\clıentsource\clıent\scrıptlıb\dıstrıbute\scrıptlıb.lıb
c:\ds project\ds files\source\clientsource\client\scriptlib\distribute\pythondebugmodule.obj
c:\ds project\ds files\source\clientsource\client\scriptlib\distribute\pythonlauncher.obj
c:\ds project\ds files\source\clientsource\client\scriptlib\distribute\pythonmarshal.obj
c:\ds project\ds files\source\clientsource\client\scriptlib\distribute\pythonutils.obj
c:\ds project\ds files\source\clientsource\client\scriptlib\distribute\resource.obj
c:\ds project\ds files\source\clientsource\client\scriptlib\distribute\stdafx.obj
c:\ds project\ds files\source\clientsource\client\scriptlib\distribute\scriptlib.pch
c:\ds project\ds files\source\clientsource\client\scriptlib\distribute\scriptlib.pdb
c:\ds project\ds files\source\clientsource\client\scriptlib\distribute\scriptlib.tlog\cl.command.1.tlog
c:\ds project\ds files\source\clientsource\client\scriptlib\distribute\scriptlib.tlog\cl.read.1.tlog
c:\ds project\ds files\source\clientsource\client\scriptlib\distribute\scriptlib.tlog\cl.write.1.tlog
c:\ds project\ds files\source\clientsource\client\scriptlib\distribute\scriptlib.tlog\lib-link.read.1.tlog
c:\ds project\ds files\source\clientsource\client\scriptlib\distribute\scriptlib.tlog\lib-link.write.1.tlog
c:\ds project\ds files\source\clientsource\client\scriptlib\distribute\scriptlib.tlog\lib.command.1.tlog
