c:\ds project\ds fıles\source\clıentsource\clıent\speedtreelıb\dıstrıbute\speedtreelıb.pch
c:\ds project\ds fıles\source\clıentsource\clıent\speedtreelıb\dıstrıbute\speedtreelıb.pdb
c:\ds project\ds fıles\source\clıentsource\clıent\speedtreelıb\dıstrıbute\stdafx.obj
c:\ds project\ds fıles\source\clıentsource\clıent\speedtreelıb\dıstrıbute\stdafx.cod
c:\ds project\ds fıles\source\clıentsource\clıent\speedtreelıb\dıstrıbute\speedtreewrapper.obj
c:\ds project\ds fıles\source\clıentsource\clıent\speedtreelıb\dıstrıbute\speedtreewrapper.cod
c:\ds project\ds fıles\source\clıentsource\clıent\speedtreelıb\dıstrıbute\speedtreeforestdırectx8.obj
c:\ds project\ds fıles\source\clıentsource\clıent\speedtreelıb\dıstrıbute\speedtreeforestdırectx8.cod
c:\ds project\ds fıles\source\clıentsource\clıent\speedtreelıb\dıstrıbute\speedtreeforest.obj
c:\ds project\ds fıles\source\clıentsource\clıent\speedtreelıb\dıstrıbute\speedtreeforest.cod
c:\ds project\ds fıles\source\clıentsource\clıent\speedtreelıb\dıstrıbute\speedgrasswrapper.obj
c:\ds project\ds fıles\source\clıentsource\clıent\speedtreelıb\dıstrıbute\speedgrasswrapper.cod
c:\ds project\ds fıles\source\clıentsource\clıent\speedtreelıb\dıstrıbute\speedgrassrt.obj
c:\ds project\ds fıles\source\clıentsource\clıent\speedtreelıb\dıstrıbute\speedgrassrt.cod
c:\ds project\ds fıles\source\clıentsource\clıent\speedtreelıb\dıstrıbute\boundaryshapemanager.obj
c:\ds project\ds fıles\source\clıentsource\clıent\speedtreelıb\dıstrıbute\boundaryshapemanager.cod
c:\ds project\ds fıles\source\clıentsource\clıent\speedtreelıb\dıstrıbute\speedtreelıb.lıb
c:\ds project\ds files\source\clientsource\client\speedtreelib\distribute\boundaryshapemanager.obj
c:\ds project\ds files\source\clientsource\client\speedtreelib\distribute\speedgrassrt.obj
c:\ds project\ds files\source\clientsource\client\speedtreelib\distribute\speedgrasswrapper.obj
c:\ds project\ds files\source\clientsource\client\speedtreelib\distribute\speedtreeforest.obj
c:\ds project\ds files\source\clientsource\client\speedtreelib\distribute\speedtreeforestdirectx8.obj
c:\ds project\ds files\source\clientsource\client\speedtreelib\distribute\speedtreewrapper.obj
c:\ds project\ds files\source\clientsource\client\speedtreelib\distribute\stdafx.obj
c:\ds project\ds files\source\clientsource\client\speedtreelib\distribute\speedtreelib.pch
c:\ds project\ds files\source\clientsource\client\speedtreelib\distribute\speedtreelib.pdb
c:\ds project\ds files\source\clientsource\client\speedtreelib\distribute\speedtreelib.tlog\cl.command.1.tlog
c:\ds project\ds files\source\clientsource\client\speedtreelib\distribute\speedtreelib.tlog\cl.read.1.tlog
c:\ds project\ds files\source\clientsource\client\speedtreelib\distribute\speedtreelib.tlog\cl.write.1.tlog
c:\ds project\ds files\source\clientsource\client\speedtreelib\distribute\speedtreelib.tlog\lib-link.read.1.tlog
c:\ds project\ds files\source\clientsource\client\speedtreelib\distribute\speedtreelib.tlog\lib-link.write.1.tlog
c:\ds project\ds files\source\clientsource\client\speedtreelib\distribute\speedtreelib.tlog\lib.command.1.tlog
