c:\users\burakdayanc\desktop\güncel\clıentsource\clıent\speedtreelıb\release\speedtreelıb.pch
c:\users\burakdayanc\desktop\güncel\clıentsource\clıent\speedtreelıb\release\speedtreelıb.pdb
c:\users\burakdayanc\desktop\güncel\clıentsource\clıent\speedtreelıb\release\stdafx.obj
c:\users\burakdayanc\desktop\güncel\clıentsource\clıent\speedtreelıb\release\speedtreewrapper.obj
c:\users\burakdayanc\desktop\güncel\clıentsource\clıent\speedtreelıb\release\speedtreeforestdırectx8.obj
c:\users\burakdayanc\desktop\güncel\clıentsource\clıent\speedtreelıb\release\speedtreeforest.obj
c:\users\burakdayanc\desktop\güncel\clıentsource\clıent\speedtreelıb\release\speedgrasswrapper.obj
c:\users\burakdayanc\desktop\güncel\clıentsource\clıent\speedtreelıb\release\speedgrassrt.obj
c:\users\burakdayanc\desktop\güncel\clıentsource\clıent\speedtreelıb\release\boundaryshapemanager.obj
c:\users\burakdayanc\desktop\güncel\clıentsource\clıent\speedtreelıb\release\speedtreelıb.lıb
c:\users\burakdayanc\desktop\güncel\clientsource\client\speedtreelib\release\boundaryshapemanager.obj
c:\users\burakdayanc\desktop\güncel\clientsource\client\speedtreelib\release\speedgrassrt.obj
c:\users\burakdayanc\desktop\güncel\clientsource\client\speedtreelib\release\speedgrasswrapper.obj
c:\users\burakdayanc\desktop\güncel\clientsource\client\speedtreelib\release\speedtreeforest.obj
c:\users\burakdayanc\desktop\güncel\clientsource\client\speedtreelib\release\speedtreeforestdirectx8.obj
c:\users\burakdayanc\desktop\güncel\clientsource\client\speedtreelib\release\speedtreewrapper.obj
c:\users\burakdayanc\desktop\güncel\clientsource\client\speedtreelib\release\stdafx.obj
c:\users\burakdayanc\desktop\güncel\clientsource\client\speedtreelib\release\speedtreelib.pch
c:\users\burakdayanc\desktop\güncel\clientsource\client\speedtreelib\release\speedtreelib.pdb
c:\users\burakdayanc\desktop\güncel\clientsource\client\speedtreelib\release\speedtreelib.tlog\cl.command.1.tlog
c:\users\burakdayanc\desktop\güncel\clientsource\client\speedtreelib\release\speedtreelib.tlog\cl.read.1.tlog
c:\users\burakdayanc\desktop\güncel\clientsource\client\speedtreelib\release\speedtreelib.tlog\cl.write.1.tlog
c:\users\burakdayanc\desktop\güncel\clientsource\client\speedtreelib\release\speedtreelib.tlog\lib-link.read.1.tlog
c:\users\burakdayanc\desktop\güncel\clientsource\client\speedtreelib\release\speedtreelib.tlog\lib-link.write.1.tlog
c:\users\burakdayanc\desktop\güncel\clientsource\client\speedtreelib\release\speedtreelib.tlog\lib.command.1.tlog
