c:\users\burakdayanc\desktop\güncel\clıentsource\clıent\gamelıb\release\gamelıb.pch
c:\users\burakdayanc\desktop\güncel\clıentsource\clıent\gamelıb\release\gamelıb.pdb
c:\users\burakdayanc\desktop\güncel\clıentsource\clıent\gamelıb\release\stdafx.obj
c:\users\burakdayanc\desktop\güncel\clıentsource\clıent\gamelıb\release\racemanager.obj
c:\users\burakdayanc\desktop\güncel\clıentsource\clıent\gamelıb\release\racedatafıle.obj
c:\users\burakdayanc\desktop\güncel\clıentsource\clıent\gamelıb\release\racedata.obj
c:\users\burakdayanc\desktop\güncel\clıentsource\clıent\gamelıb\release\physıcsobject.obj
c:\users\burakdayanc\desktop\güncel\clıentsource\clıent\gamelıb\release\dungeonblock.obj
c:\users\burakdayanc\desktop\güncel\clıentsource\clıent\gamelıb\release\actorınstanceweapontrace.obj
c:\users\burakdayanc\desktop\güncel\clıentsource\clıent\gamelıb\release\actorınstancesync.obj
c:\users\burakdayanc\desktop\güncel\clıentsource\clıent\gamelıb\release\actorınstancerotatıon.obj
c:\users\burakdayanc\desktop\güncel\clıentsource\clıent\gamelıb\release\actorınstancerender.obj
c:\users\burakdayanc\desktop\güncel\clıentsource\clıent\gamelıb\release\actorınstanceposıtıon.obj
c:\users\burakdayanc\desktop\güncel\clıentsource\clıent\gamelıb\release\actorınstancemotıonevent.obj
c:\users\burakdayanc\desktop\güncel\clıentsource\clıent\gamelıb\release\actorınstancemotıon.obj
c:\users\burakdayanc\desktop\güncel\clıentsource\clıent\gamelıb\release\actorınstancefly.obj
c:\users\burakdayanc\desktop\güncel\clıentsource\clıent\gamelıb\release\actorınstanceevent.obj
c:\users\burakdayanc\desktop\güncel\clıentsource\clıent\gamelıb\release\actorınstancedata.obj
c:\users\burakdayanc\desktop\güncel\clıentsource\clıent\gamelıb\release\actorınstancecollısıondetectıon.obj
c:\users\burakdayanc\desktop\güncel\clıentsource\clıent\gamelıb\release\actorınstanceblend.obj
c:\users\burakdayanc\desktop\güncel\clıentsource\clıent\gamelıb\release\actorınstancebattle.obj
c:\users\burakdayanc\desktop\güncel\clıentsource\clıent\gamelıb\release\actorınstanceattach.obj
c:\users\burakdayanc\desktop\güncel\clıentsource\clıent\gamelıb\release\actorınstance.obj
c:\users\burakdayanc\desktop\güncel\clıentsource\clıent\gamelıb\release\monsterareaınfo.obj
c:\users\burakdayanc\desktop\güncel\clıentsource\clıent\gamelıb\release\maputıl.obj
c:\users\burakdayanc\desktop\güncel\clıentsource\clıent\gamelıb\release\maptype.obj
c:\users\burakdayanc\desktop\güncel\clıentsource\clıent\gamelıb\release\mapoutdoorwater.obj
c:\users\burakdayanc\desktop\güncel\clıentsource\clıent\gamelıb\release\mapoutdoorupdate.obj
c:\users\burakdayanc\desktop\güncel\clıentsource\clıent\gamelıb\release\mapoutdoorrenderstp.obj
c:\users\burakdayanc\desktop\güncel\clıentsource\clıent\gamelıb\release\mapoutdoorrenderhtp.obj
c:\users\burakdayanc\desktop\güncel\clıentsource\clıent\gamelıb\release\mapoutdoorrender.obj
c:\users\burakdayanc\desktop\güncel\clıentsource\clıent\gamelıb\release\mapoutdoorquadtree.obj
c:\users\burakdayanc\desktop\güncel\clıentsource\clıent\gamelıb\release\mapoutdoorload.obj
c:\users\burakdayanc\desktop\güncel\clıentsource\clıent\gamelıb\release\mapoutdoorındexbuffer.obj
c:\users\burakdayanc\desktop\güncel\clıentsource\clıent\gamelıb\release\mapoutdoorcharactershadow.obj
c:\users\burakdayanc\desktop\güncel\clıentsource\clıent\gamelıb\release\mapoutdoor.obj
c:\users\burakdayanc\desktop\güncel\clıentsource\clıent\gamelıb\release\mapmanager.obj
c:\users\burakdayanc\desktop\güncel\clıentsource\clıent\gamelıb\release\mapbase.obj
c:\users\burakdayanc\desktop\güncel\clıentsource\clıent\gamelıb\release\areaterraın.obj
c:\users\burakdayanc\desktop\güncel\clıentsource\clıent\gamelıb\release\arealoaderthread.obj
c:\users\burakdayanc\desktop\güncel\clıentsource\clıent\gamelıb\release\area.obj
c:\users\burakdayanc\desktop\güncel\clıentsource\clıent\gamelıb\release\weapontrace.obj
c:\users\burakdayanc\desktop\güncel\clıentsource\clıent\gamelıb\release\racemotıondata.obj
c:\users\burakdayanc\desktop\güncel\clıentsource\clıent\gamelıb\release\flytrace.obj
c:\users\burakdayanc\desktop\güncel\clıentsource\clıent\gamelıb\release\flytarget.obj
c:\users\burakdayanc\desktop\güncel\clıentsource\clıent\gamelıb\release\flyıngobjectmanager.obj
c:\users\burakdayanc\desktop\güncel\clıentsource\clıent\gamelıb\release\flyıngınstance.obj
c:\users\burakdayanc\desktop\güncel\clıentsource\clıent\gamelıb\release\flyıngdata.obj
c:\users\burakdayanc\desktop\güncel\clıentsource\clıent\gamelıb\release\ıtemmanager.obj
c:\users\burakdayanc\desktop\güncel\clıentsource\clıent\gamelıb\release\ıtemdata.obj
c:\users\burakdayanc\desktop\güncel\clıentsource\clıent\gamelıb\release\gameutıl.obj
c:\users\burakdayanc\desktop\güncel\clıentsource\clıent\gamelıb\release\gametype.obj
c:\users\burakdayanc\desktop\güncel\clıentsource\clıent\gamelıb\release\gameeventmanager.obj
c:\users\burakdayanc\desktop\güncel\clıentsource\clıent\gamelıb\release\terraınquadtree.obj
c:\users\burakdayanc\desktop\güncel\clıentsource\clıent\gamelıb\release\terraınpatch.obj
c:\users\burakdayanc\desktop\güncel\clıentsource\clıent\gamelıb\release\terraındecal.obj
c:\users\burakdayanc\desktop\güncel\clıentsource\clıent\gamelıb\release\snowpartıcle.obj
c:\users\burakdayanc\desktop\güncel\clıentsource\clıent\gamelıb\release\snowenvıronment.obj
c:\users\burakdayanc\desktop\güncel\clıentsource\clıent\gamelıb\release\propertymanager.obj
c:\users\burakdayanc\desktop\güncel\clıentsource\clıent\gamelıb\release\propertyloader.obj
c:\users\burakdayanc\desktop\güncel\clıentsource\clıent\gamelıb\release\property.obj
c:\users\burakdayanc\desktop\güncel\clıentsource\clıent\gamelıb\release\gamelıb.lıb
c:\users\burakdayanc\desktop\güncel\clientsource\client\gamelib\release\actorınstance.obj
c:\users\burakdayanc\desktop\güncel\clientsource\client\gamelib\release\actorınstanceattach.obj
c:\users\burakdayanc\desktop\güncel\clientsource\client\gamelib\release\actorınstancebattle.obj
c:\users\burakdayanc\desktop\güncel\clientsource\client\gamelib\release\actorınstanceblend.obj
c:\users\burakdayanc\desktop\güncel\clientsource\client\gamelib\release\actorınstancecollisiondetection.obj
c:\users\burakdayanc\desktop\güncel\clientsource\client\gamelib\release\actorınstancedata.obj
c:\users\burakdayanc\desktop\güncel\clientsource\client\gamelib\release\actorınstanceevent.obj
c:\users\burakdayanc\desktop\güncel\clientsource\client\gamelib\release\actorınstancefly.obj
c:\users\burakdayanc\desktop\güncel\clientsource\client\gamelib\release\actorınstancemotion.obj
c:\users\burakdayanc\desktop\güncel\clientsource\client\gamelib\release\actorınstancemotionevent.obj
c:\users\burakdayanc\desktop\güncel\clientsource\client\gamelib\release\actorınstanceposition.obj
c:\users\burakdayanc\desktop\güncel\clientsource\client\gamelib\release\actorınstancerender.obj
c:\users\burakdayanc\desktop\güncel\clientsource\client\gamelib\release\actorınstancerotation.obj
c:\users\burakdayanc\desktop\güncel\clientsource\client\gamelib\release\actorınstancesync.obj
c:\users\burakdayanc\desktop\güncel\clientsource\client\gamelib\release\actorınstanceweapontrace.obj
c:\users\burakdayanc\desktop\güncel\clientsource\client\gamelib\release\area.obj
c:\users\burakdayanc\desktop\güncel\clientsource\client\gamelib\release\arealoaderthread.obj
c:\users\burakdayanc\desktop\güncel\clientsource\client\gamelib\release\areaterrain.obj
c:\users\burakdayanc\desktop\güncel\clientsource\client\gamelib\release\dungeonblock.obj
c:\users\burakdayanc\desktop\güncel\clientsource\client\gamelib\release\flyingdata.obj
c:\users\burakdayanc\desktop\güncel\clientsource\client\gamelib\release\flyingınstance.obj
c:\users\burakdayanc\desktop\güncel\clientsource\client\gamelib\release\flyingobjectmanager.obj
c:\users\burakdayanc\desktop\güncel\clientsource\client\gamelib\release\flytarget.obj
c:\users\burakdayanc\desktop\güncel\clientsource\client\gamelib\release\flytrace.obj
c:\users\burakdayanc\desktop\güncel\clientsource\client\gamelib\release\gameeventmanager.obj
c:\users\burakdayanc\desktop\güncel\clientsource\client\gamelib\release\gametype.obj
c:\users\burakdayanc\desktop\güncel\clientsource\client\gamelib\release\gameutil.obj
c:\users\burakdayanc\desktop\güncel\clientsource\client\gamelib\release\ıtemdata.obj
c:\users\burakdayanc\desktop\güncel\clientsource\client\gamelib\release\ıtemmanager.obj
c:\users\burakdayanc\desktop\güncel\clientsource\client\gamelib\release\mapbase.obj
c:\users\burakdayanc\desktop\güncel\clientsource\client\gamelib\release\mapmanager.obj
c:\users\burakdayanc\desktop\güncel\clientsource\client\gamelib\release\mapoutdoor.obj
c:\users\burakdayanc\desktop\güncel\clientsource\client\gamelib\release\mapoutdoorcharactershadow.obj
c:\users\burakdayanc\desktop\güncel\clientsource\client\gamelib\release\mapoutdoorındexbuffer.obj
c:\users\burakdayanc\desktop\güncel\clientsource\client\gamelib\release\mapoutdoorload.obj
c:\users\burakdayanc\desktop\güncel\clientsource\client\gamelib\release\mapoutdoorquadtree.obj
c:\users\burakdayanc\desktop\güncel\clientsource\client\gamelib\release\mapoutdoorrender.obj
c:\users\burakdayanc\desktop\güncel\clientsource\client\gamelib\release\mapoutdoorrenderhtp.obj
c:\users\burakdayanc\desktop\güncel\clientsource\client\gamelib\release\mapoutdoorrenderstp.obj
c:\users\burakdayanc\desktop\güncel\clientsource\client\gamelib\release\mapoutdoorupdate.obj
c:\users\burakdayanc\desktop\güncel\clientsource\client\gamelib\release\mapoutdoorwater.obj
c:\users\burakdayanc\desktop\güncel\clientsource\client\gamelib\release\maptype.obj
c:\users\burakdayanc\desktop\güncel\clientsource\client\gamelib\release\maputil.obj
c:\users\burakdayanc\desktop\güncel\clientsource\client\gamelib\release\monsterareaınfo.obj
c:\users\burakdayanc\desktop\güncel\clientsource\client\gamelib\release\physicsobject.obj
c:\users\burakdayanc\desktop\güncel\clientsource\client\gamelib\release\property.obj
c:\users\burakdayanc\desktop\güncel\clientsource\client\gamelib\release\propertyloader.obj
c:\users\burakdayanc\desktop\güncel\clientsource\client\gamelib\release\propertymanager.obj
c:\users\burakdayanc\desktop\güncel\clientsource\client\gamelib\release\racedata.obj
c:\users\burakdayanc\desktop\güncel\clientsource\client\gamelib\release\racedatafile.obj
c:\users\burakdayanc\desktop\güncel\clientsource\client\gamelib\release\racemanager.obj
c:\users\burakdayanc\desktop\güncel\clientsource\client\gamelib\release\racemotiondata.obj
c:\users\burakdayanc\desktop\güncel\clientsource\client\gamelib\release\snowenvironment.obj
c:\users\burakdayanc\desktop\güncel\clientsource\client\gamelib\release\snowparticle.obj
c:\users\burakdayanc\desktop\güncel\clientsource\client\gamelib\release\stdafx.obj
c:\users\burakdayanc\desktop\güncel\clientsource\client\gamelib\release\terraindecal.obj
c:\users\burakdayanc\desktop\güncel\clientsource\client\gamelib\release\terrainpatch.obj
c:\users\burakdayanc\desktop\güncel\clientsource\client\gamelib\release\terrainquadtree.obj
c:\users\burakdayanc\desktop\güncel\clientsource\client\gamelib\release\weapontrace.obj
c:\users\burakdayanc\desktop\güncel\clientsource\client\gamelib\release\gamelib.pch
c:\users\burakdayanc\desktop\güncel\clientsource\client\gamelib\release\gamelib.pdb
c:\users\burakdayanc\desktop\güncel\clientsource\client\gamelib\release\gamelib.tlog\cl.command.1.tlog
c:\users\burakdayanc\desktop\güncel\clientsource\client\gamelib\release\gamelib.tlog\cl.read.1.tlog
c:\users\burakdayanc\desktop\güncel\clientsource\client\gamelib\release\gamelib.tlog\cl.write.1.tlog
c:\users\burakdayanc\desktop\güncel\clientsource\client\gamelib\release\gamelib.tlog\lib-link.read.1.tlog
c:\users\burakdayanc\desktop\güncel\clientsource\client\gamelib\release\gamelib.tlog\lib-link.write.1.tlog
c:\users\burakdayanc\desktop\güncel\clientsource\client\gamelib\release\gamelib.tlog\lib.command.1.tlog
