c:\users\burakdayanc\desktop\güncel\clıentsource\clıent\eterlocale\release\eterlocale.pch
c:\users\burakdayanc\desktop\güncel\clıentsource\clıent\eterlocale\release\eterlocale.pdb
c:\users\burakdayanc\desktop\güncel\clıentsource\clıent\eterlocale\release\stdafx.obj
c:\users\burakdayanc\desktop\güncel\clıentsource\clıent\eterlocale\release\strıngcodec_vıetnamese.obj
c:\users\burakdayanc\desktop\güncel\clıentsource\clıent\eterlocale\release\strıngcodec.obj
c:\users\burakdayanc\desktop\güncel\clıentsource\clıent\eterlocale\release\japanese.obj
c:\users\burakdayanc\desktop\güncel\clıentsource\clıent\eterlocale\release\arabıc.obj
c:\users\burakdayanc\desktop\güncel\clıentsource\clıent\eterlocale\release\eterlocale.lıb
c:\users\burakdayanc\desktop\güncel\clientsource\client\eterlocale\release\arabic.obj
c:\users\burakdayanc\desktop\güncel\clientsource\client\eterlocale\release\japanese.obj
c:\users\burakdayanc\desktop\güncel\clientsource\client\eterlocale\release\stdafx.obj
c:\users\burakdayanc\desktop\güncel\clientsource\client\eterlocale\release\stringcodec.obj
c:\users\burakdayanc\desktop\güncel\clientsource\client\eterlocale\release\stringcodec_vietnamese.obj
c:\users\burakdayanc\desktop\güncel\clientsource\client\eterlocale\release\eterlocale.pch
c:\users\burakdayanc\desktop\güncel\clientsource\client\eterlocale\release\eterlocale.pdb
c:\users\burakdayanc\desktop\güncel\clientsource\client\eterlocale\release\eterlocale.tlog\cl.command.1.tlog
c:\users\burakdayanc\desktop\güncel\clientsource\client\eterlocale\release\eterlocale.tlog\cl.read.1.tlog
c:\users\burakdayanc\desktop\güncel\clientsource\client\eterlocale\release\eterlocale.tlog\cl.write.1.tlog
c:\users\burakdayanc\desktop\güncel\clientsource\client\eterlocale\release\eterlocale.tlog\lib-link.read.1.tlog
c:\users\burakdayanc\desktop\güncel\clientsource\client\eterlocale\release\eterlocale.tlog\lib-link.write.1.tlog
c:\users\burakdayanc\desktop\güncel\clientsource\client\eterlocale\release\eterlocale.tlog\lib.command.1.tlog
