c:\ds project\ds fıles\source\clıentsource\clıent\eterlocale\dıstrıbute\eterlocale.pch
c:\ds project\ds fıles\source\clıentsource\clıent\eterlocale\dıstrıbute\eterlocale.pdb
c:\ds project\ds fıles\source\clıentsource\clıent\eterlocale\dıstrıbute\stdafx.obj
c:\ds project\ds fıles\source\clıentsource\clıent\eterlocale\dıstrıbute\stdafx.cod
c:\ds project\ds fıles\source\clıentsource\clıent\eterlocale\dıstrıbute\strıngcodec_vıetnamese.obj
c:\ds project\ds fıles\source\clıentsource\clıent\eterlocale\dıstrıbute\strıngcodec_vıetnamese.cod
c:\ds project\ds fıles\source\clıentsource\clıent\eterlocale\dıstrıbute\strıngcodec.obj
c:\ds project\ds fıles\source\clıentsource\clıent\eterlocale\dıstrıbute\strıngcodec.cod
c:\ds project\ds fıles\source\clıentsource\clıent\eterlocale\dıstrıbute\japanese.obj
c:\ds project\ds fıles\source\clıentsource\clıent\eterlocale\dıstrıbute\japanese.cod
c:\ds project\ds fıles\source\clıentsource\clıent\eterlocale\dıstrıbute\arabıc.obj
c:\ds project\ds fıles\source\clıentsource\clıent\eterlocale\dıstrıbute\arabıc.cod
c:\ds project\ds fıles\source\clıentsource\clıent\eterlocale\dıstrıbute\eterlocale.lıb
c:\ds project\ds files\source\clientsource\client\eterlocale\distribute\arabic.obj
c:\ds project\ds files\source\clientsource\client\eterlocale\distribute\japanese.obj
c:\ds project\ds files\source\clientsource\client\eterlocale\distribute\stdafx.obj
c:\ds project\ds files\source\clientsource\client\eterlocale\distribute\stringcodec.obj
c:\ds project\ds files\source\clientsource\client\eterlocale\distribute\stringcodec_vietnamese.obj
c:\ds project\ds files\source\clientsource\client\eterlocale\distribute\eterlocale.pch
c:\ds project\ds files\source\clientsource\client\eterlocale\distribute\eterlocale.pdb
c:\ds project\ds files\source\clientsource\client\eterlocale\distribute\eterlocale.tlog\cl.command.1.tlog
c:\ds project\ds files\source\clientsource\client\eterlocale\distribute\eterlocale.tlog\cl.read.1.tlog
c:\ds project\ds files\source\clientsource\client\eterlocale\distribute\eterlocale.tlog\cl.write.1.tlog
c:\ds project\ds files\source\clientsource\client\eterlocale\distribute\eterlocale.tlog\lib-link.read.1.tlog
c:\ds project\ds files\source\clientsource\client\eterlocale\distribute\eterlocale.tlog\lib-link.write.1.tlog
c:\ds project\ds files\source\clientsource\client\eterlocale\distribute\eterlocale.tlog\lib.command.1.tlog
