c:\ds project\ds fıles\source\clıentsource\clıent\eterpack\dıstrıbute\eterpack.pdb
c:\ds project\ds fıles\source\clıentsource\clıent\eterpack\dıstrıbute\stdafx.obj
c:\ds project\ds fıles\source\clıentsource\clıent\eterpack\dıstrıbute\stdafx.cod
c:\ds project\ds fıles\source\clıentsource\clıent\eterpack\dıstrıbute\eterpackpolıcy_cshybrıdcrypt.obj
c:\ds project\ds fıles\source\clıentsource\clıent\eterpack\dıstrıbute\eterpackpolıcy_cshybrıdcrypt.cod
c:\ds project\ds fıles\source\clıentsource\clıent\eterpack\dıstrıbute\eterpackmanager.obj
c:\ds project\ds fıles\source\clıentsource\clıent\eterpack\dıstrıbute\eterpackmanager.cod
c:\ds project\ds fıles\source\clıentsource\clıent\eterpack\dıstrıbute\eterpackcursor.obj
c:\ds project\ds fıles\source\clıentsource\clıent\eterpack\dıstrıbute\eterpackcursor.cod
c:\ds project\ds fıles\source\clıentsource\clıent\eterpack\dıstrıbute\eterpack.obj
c:\ds project\ds fıles\source\clıentsource\clıent\eterpack\dıstrıbute\eterpack.cod
c:\ds project\ds fıles\source\clıentsource\clıent\eterpack\dıstrıbute\md5.obj
c:\ds project\ds fıles\source\clıentsource\clıent\eterpack\dıstrıbute\md5.cod
c:\ds project\ds fıles\source\clıentsource\clıent\eterpack\dıstrıbute\eterpack.lıb
c:\ds project\ds files\source\clientsource\client\eterpack\distribute\eterpack.obj
c:\ds project\ds files\source\clientsource\client\eterpack\distribute\eterpackcursor.obj
c:\ds project\ds files\source\clientsource\client\eterpack\distribute\eterpackmanager.obj
c:\ds project\ds files\source\clientsource\client\eterpack\distribute\eterpackpolicy_cshybridcrypt.obj
c:\ds project\ds files\source\clientsource\client\eterpack\distribute\md5.obj
c:\ds project\ds files\source\clientsource\client\eterpack\distribute\stdafx.obj
c:\ds project\ds files\source\clientsource\client\eterpack\distribute\eterpack.pdb
c:\ds project\ds files\source\clientsource\client\eterpack\distribute\eterpack.tlog\cl.command.1.tlog
c:\ds project\ds files\source\clientsource\client\eterpack\distribute\eterpack.tlog\cl.read.1.tlog
c:\ds project\ds files\source\clientsource\client\eterpack\distribute\eterpack.tlog\cl.write.1.tlog
c:\ds project\ds files\source\clientsource\client\eterpack\distribute\eterpack.tlog\lib-link.read.1.tlog
c:\ds project\ds files\source\clientsource\client\eterpack\distribute\eterpack.tlog\lib-link.write.1.tlog
c:\ds project\ds files\source\clientsource\client\eterpack\distribute\eterpack.tlog\lib.command.1.tlog
