c:\ds project\ds fıles\source\clıentsource\clıent\mıleslıb\dıstrıbute\mıleslıb.pch
c:\ds project\ds fıles\source\clıentsource\clıent\mıleslıb\dıstrıbute\mıleslıb.pdb
c:\ds project\ds fıles\source\clıentsource\clıent\mıleslıb\dıstrıbute\stdafx.obj
c:\ds project\ds fıles\source\clıentsource\clıent\mıleslıb\dıstrıbute\stdafx.cod
c:\ds project\ds fıles\source\clıentsource\clıent\mıleslıb\dıstrıbute\type.obj
c:\ds project\ds fıles\source\clıentsource\clıent\mıleslıb\dıstrıbute\type.cod
c:\ds project\ds fıles\source\clıentsource\clıent\mıleslıb\dıstrıbute\soundmanagerstream.obj
c:\ds project\ds fıles\source\clıentsource\clıent\mıleslıb\dıstrıbute\soundmanagerstream.cod
c:\ds project\ds fıles\source\clıentsource\clıent\mıleslıb\dıstrıbute\soundmanager3d.obj
c:\ds project\ds fıles\source\clıentsource\clıent\mıleslıb\dıstrıbute\soundmanager3d.cod
c:\ds project\ds fıles\source\clıentsource\clıent\mıleslıb\dıstrıbute\soundmanager2d.obj
c:\ds project\ds fıles\source\clıentsource\clıent\mıleslıb\dıstrıbute\soundmanager2d.cod
c:\ds project\ds fıles\source\clıentsource\clıent\mıleslıb\dıstrıbute\soundmanager.obj
c:\ds project\ds fıles\source\clıentsource\clıent\mıleslıb\dıstrıbute\soundmanager.cod
c:\ds project\ds fıles\source\clıentsource\clıent\mıleslıb\dıstrıbute\soundınstancestream.obj
c:\ds project\ds fıles\source\clıentsource\clıent\mıleslıb\dıstrıbute\soundınstancestream.cod
c:\ds project\ds fıles\source\clıentsource\clıent\mıleslıb\dıstrıbute\soundınstance3d.obj
c:\ds project\ds fıles\source\clıentsource\clıent\mıleslıb\dıstrıbute\soundınstance3d.cod
c:\ds project\ds fıles\source\clıentsource\clıent\mıleslıb\dıstrıbute\soundınstance2d.obj
c:\ds project\ds fıles\source\clıentsource\clıent\mıleslıb\dıstrıbute\soundınstance2d.cod
c:\ds project\ds fıles\source\clıentsource\clıent\mıleslıb\dıstrıbute\sounddata.obj
c:\ds project\ds fıles\source\clıentsource\clıent\mıleslıb\dıstrıbute\sounddata.cod
c:\ds project\ds fıles\source\clıentsource\clıent\mıleslıb\dıstrıbute\soundbase.obj
c:\ds project\ds fıles\source\clıentsource\clıent\mıleslıb\dıstrıbute\soundbase.cod
c:\ds project\ds fıles\source\clıentsource\clıent\mıleslıb\dıstrıbute\mıleslıb.lıb
c:\ds project\ds files\source\clientsource\client\mileslib\distribute\soundbase.obj
c:\ds project\ds files\source\clientsource\client\mileslib\distribute\sounddata.obj
c:\ds project\ds files\source\clientsource\client\mileslib\distribute\soundınstance2d.obj
c:\ds project\ds files\source\clientsource\client\mileslib\distribute\soundınstance3d.obj
c:\ds project\ds files\source\clientsource\client\mileslib\distribute\soundınstancestream.obj
c:\ds project\ds files\source\clientsource\client\mileslib\distribute\soundmanager.obj
c:\ds project\ds files\source\clientsource\client\mileslib\distribute\soundmanager2d.obj
c:\ds project\ds files\source\clientsource\client\mileslib\distribute\soundmanager3d.obj
c:\ds project\ds files\source\clientsource\client\mileslib\distribute\soundmanagerstream.obj
c:\ds project\ds files\source\clientsource\client\mileslib\distribute\stdafx.obj
c:\ds project\ds files\source\clientsource\client\mileslib\distribute\type.obj
c:\ds project\ds files\source\clientsource\client\mileslib\distribute\mileslib.pch
c:\ds project\ds files\source\clientsource\client\mileslib\distribute\mileslib.pdb
c:\ds project\ds files\source\clientsource\client\mileslib\distribute\mileslib.tlog\cl.command.1.tlog
c:\ds project\ds files\source\clientsource\client\mileslib\distribute\mileslib.tlog\cl.read.1.tlog
c:\ds project\ds files\source\clientsource\client\mileslib\distribute\mileslib.tlog\cl.write.1.tlog
c:\ds project\ds files\source\clientsource\client\mileslib\distribute\mileslib.tlog\lib-link.read.1.tlog
c:\ds project\ds files\source\clientsource\client\mileslib\distribute\mileslib.tlog\lib-link.write.1.tlog
c:\ds project\ds files\source\clientsource\client\mileslib\distribute\mileslib.tlog\lib.command.1.tlog
