c:\ds project\ds fıles\source\clıentsource\clıent\eterpythonlıb\dıstrıbute\eterpythonlıb.pch
c:\ds project\ds fıles\source\clıentsource\clıent\eterpythonlıb\dıstrıbute\eterpythonlıb.pdb
c:\ds project\ds fıles\source\clıentsource\clıent\eterpythonlıb\dıstrıbute\stdafx.obj
c:\ds project\ds fıles\source\clıentsource\clıent\eterpythonlıb\dıstrıbute\stdafx.cod
c:\ds project\ds fıles\source\clıentsource\clıent\eterpythonlıb\dıstrıbute\pythongraphıcthıngmodule.obj
c:\ds project\ds fıles\source\clıentsource\clıent\eterpythonlıb\dıstrıbute\pythongraphıcthıngmodule.cod
c:\ds project\ds fıles\source\clıentsource\clıent\eterpythonlıb\dıstrıbute\pythongraphıctextmodule.obj
c:\ds project\ds fıles\source\clıentsource\clıent\eterpythonlıb\dıstrıbute\pythongraphıctextmodule.cod
c:\ds project\ds fıles\source\clıentsource\clıent\eterpythonlıb\dıstrıbute\pythongraphıcmodule.obj
c:\ds project\ds fıles\source\clıentsource\clıent\eterpythonlıb\dıstrıbute\pythongraphıcmodule.cod
c:\ds project\ds fıles\source\clıentsource\clıent\eterpythonlıb\dıstrıbute\pythongraphıcımagemodule.obj
c:\ds project\ds fıles\source\clıentsource\clıent\eterpythonlıb\dıstrıbute\pythongraphıcımagemodule.cod
c:\ds project\ds fıles\source\clıentsource\clıent\eterpythonlıb\dıstrıbute\pythongraphıc.obj
c:\ds project\ds fıles\source\clıentsource\clıent\eterpythonlıb\dıstrıbute\pythongraphıc.cod
c:\ds project\ds fıles\source\clıentsource\clıent\eterpythonlıb\dıstrıbute\pythonwındowmanagermodule.obj
c:\ds project\ds fıles\source\clıentsource\clıent\eterpythonlıb\dıstrıbute\pythonwındowmanagermodule.cod
c:\ds project\ds fıles\source\clıentsource\clıent\eterpythonlıb\dıstrıbute\pythonwındowmanager.obj
c:\ds project\ds fıles\source\clıentsource\clıent\eterpythonlıb\dıstrıbute\pythonwındowmanager.cod
c:\ds project\ds fıles\source\clıentsource\clıent\eterpythonlıb\dıstrıbute\pythonwındow.obj
c:\ds project\ds fıles\source\clıentsource\clıent\eterpythonlıb\dıstrıbute\pythonwındow.cod
c:\ds project\ds fıles\source\clıentsource\clıent\eterpythonlıb\dıstrıbute\pythonslotwındow.obj
c:\ds project\ds fıles\source\clıentsource\clıent\eterpythonlıb\dıstrıbute\pythonslotwındow.cod
c:\ds project\ds fıles\source\clıentsource\clıent\eterpythonlıb\dıstrıbute\pythongrıdslotwındow.obj
c:\ds project\ds fıles\source\clıentsource\clıent\eterpythonlıb\dıstrıbute\pythongrıdslotwındow.cod
c:\ds project\ds fıles\source\clıentsource\clıent\eterpythonlıb\dıstrıbute\eterpythonlıb.lıb
c:\ds project\ds files\source\clientsource\client\eterpythonlib\distribute\pythongraphic.obj
c:\ds project\ds files\source\clientsource\client\eterpythonlib\distribute\pythongraphicımagemodule.obj
c:\ds project\ds files\source\clientsource\client\eterpythonlib\distribute\pythongraphicmodule.obj
c:\ds project\ds files\source\clientsource\client\eterpythonlib\distribute\pythongraphictextmodule.obj
c:\ds project\ds files\source\clientsource\client\eterpythonlib\distribute\pythongraphicthingmodule.obj
c:\ds project\ds files\source\clientsource\client\eterpythonlib\distribute\pythongridslotwindow.obj
c:\ds project\ds files\source\clientsource\client\eterpythonlib\distribute\pythonslotwindow.obj
c:\ds project\ds files\source\clientsource\client\eterpythonlib\distribute\pythonwindow.obj
c:\ds project\ds files\source\clientsource\client\eterpythonlib\distribute\pythonwindowmanager.obj
c:\ds project\ds files\source\clientsource\client\eterpythonlib\distribute\pythonwindowmanagermodule.obj
c:\ds project\ds files\source\clientsource\client\eterpythonlib\distribute\stdafx.obj
c:\ds project\ds files\source\clientsource\client\eterpythonlib\distribute\eterpythonlib.pch
c:\ds project\ds files\source\clientsource\client\eterpythonlib\distribute\eterpythonlib.pdb
c:\ds project\ds files\source\clientsource\client\eterpythonlib\distribute\eterpythonlib.tlog\cl.command.1.tlog
c:\ds project\ds files\source\clientsource\client\eterpythonlib\distribute\eterpythonlib.tlog\cl.read.1.tlog
c:\ds project\ds files\source\clientsource\client\eterpythonlib\distribute\eterpythonlib.tlog\cl.write.1.tlog
c:\ds project\ds files\source\clientsource\client\eterpythonlib\distribute\eterpythonlib.tlog\lib-link.read.1.tlog
c:\ds project\ds files\source\clientsource\client\eterpythonlib\distribute\eterpythonlib.tlog\lib-link.write.1.tlog
c:\ds project\ds files\source\clientsource\client\eterpythonlib\distribute\eterpythonlib.tlog\lib.command.1.tlog
