c:\users\burakdayanc\desktop\güncel\clıentsource\clıent\eterbase\release\eterbase.pdb
c:\users\burakdayanc\desktop\güncel\clıentsource\clıent\eterbase\release\tımer.obj
c:\users\burakdayanc\desktop\güncel\clıentsource\clıent\eterbase\release\tempfıle.obj
c:\users\burakdayanc\desktop\güncel\clıentsource\clıent\eterbase\release\tea.obj
c:\users\burakdayanc\desktop\güncel\clıentsource\clıent\eterbase\release\stl.obj
c:\users\burakdayanc\desktop\güncel\clıentsource\clıent\eterbase\release\stdafx.obj
c:\users\burakdayanc\desktop\güncel\clıentsource\clıent\eterbase\release\random.obj
c:\users\burakdayanc\desktop\güncel\clıentsource\clıent\eterbase\release\mappedfıle.obj
c:\users\burakdayanc\desktop\güncel\clıentsource\clıent\eterbase\release\lzo.obj
c:\users\burakdayanc\desktop\güncel\clıentsource\clıent\eterbase\release\fıleloader.obj
c:\users\burakdayanc\desktop\güncel\clıentsource\clıent\eterbase\release\fıledır.obj
c:\users\burakdayanc\desktop\güncel\clıentsource\clıent\eterbase\release\fılebase.obj
c:\users\burakdayanc\desktop\güncel\clıentsource\clıent\eterbase\release\error.obj
c:\users\burakdayanc\desktop\güncel\clıentsource\clıent\eterbase\release\debug.obj
c:\users\burakdayanc\desktop\güncel\clıentsource\clıent\eterbase\release\crc32.obj
c:\users\burakdayanc\desktop\güncel\clıentsource\clıent\eterbase\release\cpostıt.obj
c:\users\burakdayanc\desktop\güncel\clıentsource\clıent\eterbase\release\cıpher.obj
c:\users\burakdayanc\desktop\güncel\clıentsource\clıent\eterbase\release\symtable.obj
c:\users\burakdayanc\desktop\güncel\clıentsource\clıent\eterbase\release\symbol.obj
c:\users\burakdayanc\desktop\güncel\clıentsource\clıent\eterbase\release\poly.obj
c:\users\burakdayanc\desktop\güncel\clıentsource\clıent\eterbase\release\base.obj
c:\users\burakdayanc\desktop\güncel\clıentsource\clıent\eterbase\release\utıls.obj
c:\users\burakdayanc\desktop\güncel\clıentsource\clıent\eterbase\release\eterbase.lıb
c:\users\burakdayanc\desktop\güncel\clientsource\client\eterbase\release\base.obj
c:\users\burakdayanc\desktop\güncel\clientsource\client\eterbase\release\cipher.obj
c:\users\burakdayanc\desktop\güncel\clientsource\client\eterbase\release\cpostıt.obj
c:\users\burakdayanc\desktop\güncel\clientsource\client\eterbase\release\crc32.obj
c:\users\burakdayanc\desktop\güncel\clientsource\client\eterbase\release\debug.obj
c:\users\burakdayanc\desktop\güncel\clientsource\client\eterbase\release\error.obj
c:\users\burakdayanc\desktop\güncel\clientsource\client\eterbase\release\filebase.obj
c:\users\burakdayanc\desktop\güncel\clientsource\client\eterbase\release\filedir.obj
c:\users\burakdayanc\desktop\güncel\clientsource\client\eterbase\release\fileloader.obj
c:\users\burakdayanc\desktop\güncel\clientsource\client\eterbase\release\lzo.obj
c:\users\burakdayanc\desktop\güncel\clientsource\client\eterbase\release\mappedfile.obj
c:\users\burakdayanc\desktop\güncel\clientsource\client\eterbase\release\poly.obj
c:\users\burakdayanc\desktop\güncel\clientsource\client\eterbase\release\random.obj
c:\users\burakdayanc\desktop\güncel\clientsource\client\eterbase\release\stdafx.obj
c:\users\burakdayanc\desktop\güncel\clientsource\client\eterbase\release\stl.obj
c:\users\burakdayanc\desktop\güncel\clientsource\client\eterbase\release\symbol.obj
c:\users\burakdayanc\desktop\güncel\clientsource\client\eterbase\release\symtable.obj
c:\users\burakdayanc\desktop\güncel\clientsource\client\eterbase\release\tea.obj
c:\users\burakdayanc\desktop\güncel\clientsource\client\eterbase\release\tempfile.obj
c:\users\burakdayanc\desktop\güncel\clientsource\client\eterbase\release\timer.obj
c:\users\burakdayanc\desktop\güncel\clientsource\client\eterbase\release\utils.obj
c:\users\burakdayanc\desktop\güncel\clientsource\client\eterbase\release\eterbase.pdb
c:\users\burakdayanc\desktop\güncel\clientsource\client\eterbase\release\eterbase.tlog\cl.command.1.tlog
c:\users\burakdayanc\desktop\güncel\clientsource\client\eterbase\release\eterbase.tlog\cl.read.1.tlog
c:\users\burakdayanc\desktop\güncel\clientsource\client\eterbase\release\eterbase.tlog\cl.write.1.tlog
c:\users\burakdayanc\desktop\güncel\clientsource\client\eterbase\release\eterbase.tlog\lib-link.read.1.tlog
c:\users\burakdayanc\desktop\güncel\clientsource\client\eterbase\release\eterbase.tlog\lib-link.write.1.tlog
c:\users\burakdayanc\desktop\güncel\clientsource\client\eterbase\release\eterbase.tlog\lib.command.1.tlog
