  CsvFile.cpp
  dump_proto.cpp
E:\Dr.Legendy\Legendy Altyapı v2\ISLEM YAPILAN\Legendy.Source\ClientSource\Client\eterBase\filename.h(187,3): warning C4996: 'strcpy': This function or variable may be unsafe. Consider using strcpy_s instead. To disable deprecation, use _CRT_SECURE_NO_WARNINGS. See online help for details.
E:\Dr.Legendy\Legendy Altyapı v2\ISLEM YAPILAN\Legendy.Source\ClientSource\Client\eterBase\filename.h(354,3): warning C4996: 'strcpy': This function or variable may be unsafe. Consider using strcpy_s instead. To disable deprecation, use _CRT_SECURE_NO_WARNINGS. See online help for details.
E:\Dr.Legendy\Legendy Altyapı v2\ISLEM YAPILAN\Legendy.Source\ClientSource\Client\eterLib\SkyBox.h(107,2): warning C5208: TypeDef adında kullanılan adlandırılmamış sınıf, statik olmayan veri üyeleri, üye sabit listeleri veya üye sınıfları dışında üye bildiremez
E:\Dr.Legendy\Legendy Altyapı v2\ISLEM YAPILAN\Legendy.Source\ClientSource\Extern\Python2\pymath.h(22,28): warning C4273: 'round': tutarsız dll bağlantısı
C:\Program Files (x86)\Windows Kits\10\Include\10.0.19041.0\ucrt\corecrt_math.h(531,44): message : önceki 'round' tanımına bakın
E:\Dr.Legendy\Legendy Altyapı v2\ISLEM YAPILAN\Legendy.Source\ClientSource\Tools\DumpProto\dump_proto\dump_proto.cpp(232,19): warning C4477: 'fprintf' : '%s' biçim dizesi 'char *' türü bir bağımsız değişken gerektirir, ancak 6 değişen sayıda bağımsız değişkenin türü 'int'
E:\Dr.Legendy\Legendy Altyapı v2\ISLEM YAPILAN\Legendy.Source\ClientSource\Tools\DumpProto\dump_proto\dump_proto.cpp(738,98): warning C4474: 'printf' : biçim dizesi için çok fazla sayıda bağımsız değişken geçirildi
E:\Dr.Legendy\Legendy Altyapı v2\ISLEM YAPILAN\Legendy.Source\ClientSource\Tools\DumpProto\dump_proto\dump_proto.cpp(738,98): message : yer tutucular ve bunların parametreleri 1 değişen sayıda bağımsız değişken bekliyor, ancak 2 tane sağlandı
  ItemCSVReader.cpp
E:\Dr.Legendy\Legendy Altyapı v2\ISLEM YAPILAN\Legendy.Source\ClientSource\Client\eterBase\filename.h(187,3): warning C4996: 'strcpy': This function or variable may be unsafe. Consider using strcpy_s instead. To disable deprecation, use _CRT_SECURE_NO_WARNINGS. See online help for details.
E:\Dr.Legendy\Legendy Altyapı v2\ISLEM YAPILAN\Legendy.Source\ClientSource\Client\eterBase\filename.h(354,3): warning C4996: 'strcpy': This function or variable may be unsafe. Consider using strcpy_s instead. To disable deprecation, use _CRT_SECURE_NO_WARNINGS. See online help for details.
E:\Dr.Legendy\Legendy Altyapı v2\ISLEM YAPILAN\Legendy.Source\ClientSource\Client\eterLib\SkyBox.h(107,2): warning C5208: TypeDef adında kullanılan adlandırılmamış sınıf, statik olmayan veri üyeleri, üye sabit listeleri veya üye sınıfları dışında üye bildiremez
E:\Dr.Legendy\Legendy Altyapı v2\ISLEM YAPILAN\Legendy.Source\ClientSource\Extern\Python2\pymath.h(22,28): warning C4273: 'round': tutarsız dll bağlantısı
C:\Program Files (x86)\Windows Kits\10\Include\10.0.19041.0\ucrt\corecrt_math.h(531,44): message : önceki 'round' tanımına bakın
  lzo.cpp
  tea.cpp
  Kod üretiliyor
  Previous IPDB not found, fall back to full compilation.
  All 1065 functions were compiled because no usable IPDB/IOBJ from previous compilation was found.
  Kodun üretilmesi tamamlandı
  dump_proto.vcxproj -> E:\Dr.Legendy\Legendy Altyapı v2\ISLEM YAPILAN\Legendy.Source\ClientSource\Tools\DumpProto\Release\DumpProto.exe
