e:\altyapı\dsproject\source\clıentsource\tools\dumpproto\dump_proto\release\vc142.pdb
e:\altyapı\dsproject\source\clıentsource\tools\dumpproto\dump_proto\release\tea.obj
e:\altyapı\dsproject\source\clıentsource\tools\dumpproto\dump_proto\release\lzo.obj
e:\altyapı\dsproject\source\clıentsource\tools\dumpproto\dump_proto\release\ıtemcsvreader.obj
e:\altyapı\dsproject\source\clıentsource\tools\dumpproto\dump_proto\release\dump_proto.obj
e:\altyapı\dsproject\source\clıentsource\tools\dumpproto\dump_proto\release\csvfıle.obj
c:\ds project\ds files\source\clientsource\tools\dumpproto\release\dumpproto.ipdb
c:\ds project\ds files\source\clientsource\tools\dumpproto\release\dumpproto.iobj
e:\altyapı\dsproject\source\clientsource\tools\dumpproto\release\dumpproto.ipdb
e:\altyapı\dsproject\source\clientsource\tools\dumpproto\release\dumpproto.iobj
c:\ds project\ds fıles\source\clıentsource\tools\dumpproto\release\dumpproto.exe
c:\ds project\ds fıles\source\clıentsource\tools\dumpproto\release\dumpproto.pdb
e:\altyapı\dsproject\source\clıentsource\tools\dumpproto\release\dumpproto.exe
e:\altyapı\dsproject\source\clıentsource\tools\dumpproto\release\dumpproto.pdb
e:\altyapı\dsproject\source\clıentsource\tools\dumpproto\dump_proto\release\dump_proto.res
e:\dr.legendy\legendy altyapı v2\ıslem yapılan\legendy.source\clientsource\tools\dumpproto\dump_proto\release\csvfile.obj
e:\dr.legendy\legendy altyapı v2\ıslem yapılan\legendy.source\clientsource\tools\dumpproto\dump_proto\release\dump_proto.obj
e:\dr.legendy\legendy altyapı v2\ıslem yapılan\legendy.source\clientsource\tools\dumpproto\dump_proto\release\ıtemcsvreader.obj
e:\dr.legendy\legendy altyapı v2\ıslem yapılan\legendy.source\clientsource\tools\dumpproto\dump_proto\release\lzo.obj
e:\dr.legendy\legendy altyapı v2\ıslem yapılan\legendy.source\clientsource\tools\dumpproto\dump_proto\release\tea.obj
e:\dr.legendy\legendy altyapı v2\ıslem yapılan\legendy.source\clientsource\tools\dumpproto\dump_proto\release\dump_proto.res
e:\dr.legendy\legendy altyapı v2\ıslem yapılan\legendy.source\clientsource\tools\dumpproto\dump_proto\release\vc142.pdb
e:\dr.legendy\legendy altyapı v2\ıslem yapılan\legendy.source\clientsource\tools\dumpproto\release\dumpproto.pdb
e:\dr.legendy\legendy altyapı v2\ıslem yapılan\legendy.source\clientsource\tools\dumpproto\release\dumpproto.exe
e:\dr.legendy\legendy altyapı v2\ıslem yapılan\legendy.source\clientsource\tools\dumpproto\dump_proto\release\dumpproto.tlog\cl.command.1.tlog
e:\dr.legendy\legendy altyapı v2\ıslem yapılan\legendy.source\clientsource\tools\dumpproto\dump_proto\release\dumpproto.tlog\cl.read.1.tlog
e:\dr.legendy\legendy altyapı v2\ıslem yapılan\legendy.source\clientsource\tools\dumpproto\dump_proto\release\dumpproto.tlog\cl.write.1.tlog
e:\dr.legendy\legendy altyapı v2\ıslem yapılan\legendy.source\clientsource\tools\dumpproto\dump_proto\release\dumpproto.tlog\dumpproto.write.1u.tlog
e:\dr.legendy\legendy altyapı v2\ıslem yapılan\legendy.source\clientsource\tools\dumpproto\dump_proto\release\dumpproto.tlog\link.command.1.tlog
e:\dr.legendy\legendy altyapı v2\ıslem yapılan\legendy.source\clientsource\tools\dumpproto\dump_proto\release\dumpproto.tlog\link.read.1.tlog
e:\dr.legendy\legendy altyapı v2\ıslem yapılan\legendy.source\clientsource\tools\dumpproto\dump_proto\release\dumpproto.tlog\link.write.1.tlog
e:\dr.legendy\legendy altyapı v2\ıslem yapılan\legendy.source\clientsource\tools\dumpproto\dump_proto\release\dumpproto.tlog\rc.command.1.tlog
e:\dr.legendy\legendy altyapı v2\ıslem yapılan\legendy.source\clientsource\tools\dumpproto\dump_proto\release\dumpproto.tlog\rc.read.1.tlog
e:\dr.legendy\legendy altyapı v2\ıslem yapılan\legendy.source\clientsource\tools\dumpproto\dump_proto\release\dumpproto.tlog\rc.write.1.tlog
