c:\users\burakdayanc\desktop\güncel\clıentsource\clıent\mıleslıb\release\mıleslıb.pch
c:\users\burakdayanc\desktop\güncel\clıentsource\clıent\mıleslıb\release\mıleslıb.pdb
c:\users\burakdayanc\desktop\güncel\clıentsource\clıent\mıleslıb\release\stdafx.obj
c:\users\burakdayanc\desktop\güncel\clıentsource\clıent\mıleslıb\release\type.obj
c:\users\burakdayanc\desktop\güncel\clıentsource\clıent\mıleslıb\release\soundmanagerstream.obj
c:\users\burakdayanc\desktop\güncel\clıentsource\clıent\mıleslıb\release\soundmanager3d.obj
c:\users\burakdayanc\desktop\güncel\clıentsource\clıent\mıleslıb\release\soundmanager2d.obj
c:\users\burakdayanc\desktop\güncel\clıentsource\clıent\mıleslıb\release\soundmanager.obj
c:\users\burakdayanc\desktop\güncel\clıentsource\clıent\mıleslıb\release\soundınstancestream.obj
c:\users\burakdayanc\desktop\güncel\clıentsource\clıent\mıleslıb\release\soundınstance3d.obj
c:\users\burakdayanc\desktop\güncel\clıentsource\clıent\mıleslıb\release\soundınstance2d.obj
c:\users\burakdayanc\desktop\güncel\clıentsource\clıent\mıleslıb\release\sounddata.obj
c:\users\burakdayanc\desktop\güncel\clıentsource\clıent\mıleslıb\release\soundbase.obj
c:\users\burakdayanc\desktop\güncel\clıentsource\clıent\mıleslıb\release\mıleslıb.lıb
c:\users\burakdayanc\desktop\güncel\clientsource\client\mileslib\release\soundbase.obj
c:\users\burakdayanc\desktop\güncel\clientsource\client\mileslib\release\sounddata.obj
c:\users\burakdayanc\desktop\güncel\clientsource\client\mileslib\release\soundınstance2d.obj
c:\users\burakdayanc\desktop\güncel\clientsource\client\mileslib\release\soundınstance3d.obj
c:\users\burakdayanc\desktop\güncel\clientsource\client\mileslib\release\soundınstancestream.obj
c:\users\burakdayanc\desktop\güncel\clientsource\client\mileslib\release\soundmanager.obj
c:\users\burakdayanc\desktop\güncel\clientsource\client\mileslib\release\soundmanager2d.obj
c:\users\burakdayanc\desktop\güncel\clientsource\client\mileslib\release\soundmanager3d.obj
c:\users\burakdayanc\desktop\güncel\clientsource\client\mileslib\release\soundmanagerstream.obj
c:\users\burakdayanc\desktop\güncel\clientsource\client\mileslib\release\stdafx.obj
c:\users\burakdayanc\desktop\güncel\clientsource\client\mileslib\release\type.obj
c:\users\burakdayanc\desktop\güncel\clientsource\client\mileslib\release\mileslib.pch
c:\users\burakdayanc\desktop\güncel\clientsource\client\mileslib\release\mileslib.pdb
c:\users\burakdayanc\desktop\güncel\clientsource\client\mileslib\release\mileslib.tlog\cl.command.1.tlog
c:\users\burakdayanc\desktop\güncel\clientsource\client\mileslib\release\mileslib.tlog\cl.read.1.tlog
c:\users\burakdayanc\desktop\güncel\clientsource\client\mileslib\release\mileslib.tlog\cl.write.1.tlog
c:\users\burakdayanc\desktop\güncel\clientsource\client\mileslib\release\mileslib.tlog\lib-link.read.1.tlog
c:\users\burakdayanc\desktop\güncel\clientsource\client\mileslib\release\mileslib.tlog\lib-link.write.1.tlog
c:\users\burakdayanc\desktop\güncel\clientsource\client\mileslib\release\mileslib.tlog\lib.command.1.tlog
