c:\users\burakdayanc\desktop\güncel\clıentsource\clıent\effectlıb\release\effectlıb.pch
c:\users\burakdayanc\desktop\güncel\clıentsource\clıent\effectlıb\release\effectlıb.pdb
c:\users\burakdayanc\desktop\güncel\clıentsource\clıent\effectlıb\release\stdafx.obj
c:\users\burakdayanc\desktop\güncel\clıentsource\clıent\effectlıb\release\type.obj
c:\users\burakdayanc\desktop\güncel\clıentsource\clıent\effectlıb\release\sımplelıghtınstance.obj
c:\users\burakdayanc\desktop\güncel\clıentsource\clıent\effectlıb\release\sımplelıghtdata.obj
c:\users\burakdayanc\desktop\güncel\clıentsource\clıent\effectlıb\release\partıclesystemınstance.obj
c:\users\burakdayanc\desktop\güncel\clıentsource\clıent\effectlıb\release\partıclesystemdata.obj
c:\users\burakdayanc\desktop\güncel\clıentsource\clıent\effectlıb\release\partıcleproperty.obj
c:\users\burakdayanc\desktop\güncel\clıentsource\clıent\effectlıb\release\partıcleınstance.obj
c:\users\burakdayanc\desktop\güncel\clıentsource\clıent\effectlıb\release\framecontroller.obj
c:\users\burakdayanc\desktop\güncel\clıentsource\clıent\effectlıb\release\emıtterproperty.obj
c:\users\burakdayanc\desktop\güncel\clıentsource\clıent\effectlıb\release\effectupdatedecorator.obj
c:\users\burakdayanc\desktop\güncel\clıentsource\clıent\effectlıb\release\effectmeshınstance.obj
c:\users\burakdayanc\desktop\güncel\clıentsource\clıent\effectlıb\release\effectmesh.obj
c:\users\burakdayanc\desktop\güncel\clıentsource\clıent\effectlıb\release\effectmanager.obj
c:\users\burakdayanc\desktop\güncel\clıentsource\clıent\effectlıb\release\effectınstance.obj
c:\users\burakdayanc\desktop\güncel\clıentsource\clıent\effectlıb\release\effectelementbaseınstance.obj
c:\users\burakdayanc\desktop\güncel\clıentsource\clıent\effectlıb\release\effectelementbase.obj
c:\users\burakdayanc\desktop\güncel\clıentsource\clıent\effectlıb\release\effectdata.obj
c:\users\burakdayanc\desktop\güncel\clıentsource\clıent\effectlıb\release\effectlıb.lıb
c:\users\burakdayanc\desktop\güncel\clientsource\client\effectlib\release\effectdata.obj
c:\users\burakdayanc\desktop\güncel\clientsource\client\effectlib\release\effectelementbase.obj
c:\users\burakdayanc\desktop\güncel\clientsource\client\effectlib\release\effectelementbaseınstance.obj
c:\users\burakdayanc\desktop\güncel\clientsource\client\effectlib\release\effectınstance.obj
c:\users\burakdayanc\desktop\güncel\clientsource\client\effectlib\release\effectmanager.obj
c:\users\burakdayanc\desktop\güncel\clientsource\client\effectlib\release\effectmesh.obj
c:\users\burakdayanc\desktop\güncel\clientsource\client\effectlib\release\effectmeshınstance.obj
c:\users\burakdayanc\desktop\güncel\clientsource\client\effectlib\release\effectupdatedecorator.obj
c:\users\burakdayanc\desktop\güncel\clientsource\client\effectlib\release\emitterproperty.obj
c:\users\burakdayanc\desktop\güncel\clientsource\client\effectlib\release\framecontroller.obj
c:\users\burakdayanc\desktop\güncel\clientsource\client\effectlib\release\particleınstance.obj
c:\users\burakdayanc\desktop\güncel\clientsource\client\effectlib\release\particleproperty.obj
c:\users\burakdayanc\desktop\güncel\clientsource\client\effectlib\release\particlesystemdata.obj
c:\users\burakdayanc\desktop\güncel\clientsource\client\effectlib\release\particlesystemınstance.obj
c:\users\burakdayanc\desktop\güncel\clientsource\client\effectlib\release\simplelightdata.obj
c:\users\burakdayanc\desktop\güncel\clientsource\client\effectlib\release\simplelightınstance.obj
c:\users\burakdayanc\desktop\güncel\clientsource\client\effectlib\release\stdafx.obj
c:\users\burakdayanc\desktop\güncel\clientsource\client\effectlib\release\type.obj
c:\users\burakdayanc\desktop\güncel\clientsource\client\effectlib\release\effectlib.pch
c:\users\burakdayanc\desktop\güncel\clientsource\client\effectlib\release\effectlib.pdb
c:\users\burakdayanc\desktop\güncel\clientsource\client\effectlib\release\effectlib.tlog\cl.command.1.tlog
c:\users\burakdayanc\desktop\güncel\clientsource\client\effectlib\release\effectlib.tlog\cl.read.1.tlog
c:\users\burakdayanc\desktop\güncel\clientsource\client\effectlib\release\effectlib.tlog\cl.write.1.tlog
c:\users\burakdayanc\desktop\güncel\clientsource\client\effectlib\release\effectlib.tlog\lib-link.read.1.tlog
c:\users\burakdayanc\desktop\güncel\clientsource\client\effectlib\release\effectlib.tlog\lib-link.write.1.tlog
c:\users\burakdayanc\desktop\güncel\clientsource\client\effectlib\release\effectlib.tlog\lib.command.1.tlog
