c:\ds project\ds fıles\source\clıentsource\clıent\eterımagelıb\dıstrıbute\eterımagelıb.pch
c:\ds project\ds fıles\source\clıentsource\clıent\eterımagelıb\dıstrıbute\eterımagelıb.pdb
c:\ds project\ds fıles\source\clıentsource\clıent\eterımagelıb\dıstrıbute\stdafx.obj
c:\ds project\ds fıles\source\clıentsource\clıent\eterımagelıb\dıstrıbute\stdafx.cod
c:\ds project\ds fıles\source\clıentsource\clıent\eterımagelıb\dıstrıbute\tgaımage.obj
c:\ds project\ds fıles\source\clıentsource\clıent\eterımagelıb\dıstrıbute\tgaımage.cod
c:\ds project\ds fıles\source\clıentsource\clıent\eterımagelıb\dıstrıbute\ımage.obj
c:\ds project\ds fıles\source\clıentsource\clıent\eterımagelıb\dıstrıbute\ımage.cod
c:\ds project\ds fıles\source\clıentsource\clıent\eterımagelıb\dıstrıbute\dxtcımage.obj
c:\ds project\ds fıles\source\clıentsource\clıent\eterımagelıb\dıstrıbute\dxtcımage.cod
c:\ds project\ds fıles\source\clıentsource\clıent\eterımagelıb\dıstrıbute\eterımagelıb.lıb
c:\ds project\ds files\source\clientsource\client\eterımagelib\distribute\dxtcımage.obj
c:\ds project\ds files\source\clientsource\client\eterımagelib\distribute\ımage.obj
c:\ds project\ds files\source\clientsource\client\eterımagelib\distribute\stdafx.obj
c:\ds project\ds files\source\clientsource\client\eterımagelib\distribute\tgaımage.obj
c:\ds project\ds files\source\clientsource\client\eterımagelib\distribute\eterımagelib.pch
c:\ds project\ds files\source\clientsource\client\eterımagelib\distribute\eterımagelib.pdb
c:\ds project\ds files\source\clientsource\client\eterımagelib\distribute\eterımagelib.tlog\cl.command.1.tlog
c:\ds project\ds files\source\clientsource\client\eterımagelib\distribute\eterımagelib.tlog\cl.read.1.tlog
c:\ds project\ds files\source\clientsource\client\eterımagelib\distribute\eterımagelib.tlog\cl.write.1.tlog
c:\ds project\ds files\source\clientsource\client\eterımagelib\distribute\eterımagelib.tlog\lib-link.read.1.tlog
c:\ds project\ds files\source\clientsource\client\eterımagelib\distribute\eterımagelib.tlog\lib-link.write.1.tlog
c:\ds project\ds files\source\clientsource\client\eterımagelib\distribute\eterımagelib.tlog\lib.command.1.tlog
