c:\users\burakdayanc\desktop\güncel\clıentsource\clıent\etergrnlıb\release\etergrnlıb.pch
c:\users\burakdayanc\desktop\güncel\clıentsource\clıent\etergrnlıb\release\etergrnlıb.pdb
c:\users\burakdayanc\desktop\güncel\clıentsource\clıent\etergrnlıb\release\stdafx.obj
c:\users\burakdayanc\desktop\güncel\clıentsource\clıent\etergrnlıb\release\utıl.obj
c:\users\burakdayanc\desktop\güncel\clıentsource\clıent\etergrnlıb\release\thıngınstance.obj
c:\users\burakdayanc\desktop\güncel\clıentsource\clıent\etergrnlıb\release\thıng.obj
c:\users\burakdayanc\desktop\güncel\clıentsource\clıent\etergrnlıb\release\motıon.obj
c:\users\burakdayanc\desktop\güncel\clıentsource\clıent\etergrnlıb\release\modelınstanceupdate.obj
c:\users\burakdayanc\desktop\güncel\clıentsource\clıent\etergrnlıb\release\modelınstancerender.obj
c:\users\burakdayanc\desktop\güncel\clıentsource\clıent\etergrnlıb\release\modelınstancemotıon.obj
c:\users\burakdayanc\desktop\güncel\clıentsource\clıent\etergrnlıb\release\modelınstancemodel.obj
c:\users\burakdayanc\desktop\güncel\clıentsource\clıent\etergrnlıb\release\modelınstancecollısıondetectıon.obj
c:\users\burakdayanc\desktop\güncel\clıentsource\clıent\etergrnlıb\release\modelınstance.obj
c:\users\burakdayanc\desktop\güncel\clıentsource\clıent\etergrnlıb\release\model.obj
c:\users\burakdayanc\desktop\güncel\clıentsource\clıent\etergrnlıb\release\mesh.obj
c:\users\burakdayanc\desktop\güncel\clıentsource\clıent\etergrnlıb\release\materıal.obj
c:\users\burakdayanc\desktop\güncel\clıentsource\clıent\etergrnlıb\release\lodcontroller.obj
c:\users\burakdayanc\desktop\güncel\clıentsource\clıent\etergrnlıb\release\etergrnlıb.lıb
c:\users\burakdayanc\desktop\güncel\clientsource\client\etergrnlib\release\lodcontroller.obj
c:\users\burakdayanc\desktop\güncel\clientsource\client\etergrnlib\release\material.obj
c:\users\burakdayanc\desktop\güncel\clientsource\client\etergrnlib\release\mesh.obj
c:\users\burakdayanc\desktop\güncel\clientsource\client\etergrnlib\release\model.obj
c:\users\burakdayanc\desktop\güncel\clientsource\client\etergrnlib\release\modelınstance.obj
c:\users\burakdayanc\desktop\güncel\clientsource\client\etergrnlib\release\modelınstancecollisiondetection.obj
c:\users\burakdayanc\desktop\güncel\clientsource\client\etergrnlib\release\modelınstancemodel.obj
c:\users\burakdayanc\desktop\güncel\clientsource\client\etergrnlib\release\modelınstancemotion.obj
c:\users\burakdayanc\desktop\güncel\clientsource\client\etergrnlib\release\modelınstancerender.obj
c:\users\burakdayanc\desktop\güncel\clientsource\client\etergrnlib\release\modelınstanceupdate.obj
c:\users\burakdayanc\desktop\güncel\clientsource\client\etergrnlib\release\motion.obj
c:\users\burakdayanc\desktop\güncel\clientsource\client\etergrnlib\release\stdafx.obj
c:\users\burakdayanc\desktop\güncel\clientsource\client\etergrnlib\release\thing.obj
c:\users\burakdayanc\desktop\güncel\clientsource\client\etergrnlib\release\thingınstance.obj
c:\users\burakdayanc\desktop\güncel\clientsource\client\etergrnlib\release\util.obj
c:\users\burakdayanc\desktop\güncel\clientsource\client\etergrnlib\release\etergrnlib.pch
c:\users\burakdayanc\desktop\güncel\clientsource\client\etergrnlib\release\etergrnlib.pdb
c:\users\burakdayanc\desktop\güncel\clientsource\client\etergrnlib\release\etergrnlib.tlog\cl.command.1.tlog
c:\users\burakdayanc\desktop\güncel\clientsource\client\etergrnlib\release\etergrnlib.tlog\cl.read.1.tlog
c:\users\burakdayanc\desktop\güncel\clientsource\client\etergrnlib\release\etergrnlib.tlog\cl.write.1.tlog
c:\users\burakdayanc\desktop\güncel\clientsource\client\etergrnlib\release\etergrnlib.tlog\lib-link.read.1.tlog
c:\users\burakdayanc\desktop\güncel\clientsource\client\etergrnlib\release\etergrnlib.tlog\lib-link.write.1.tlog
c:\users\burakdayanc\desktop\güncel\clientsource\client\etergrnlib\release\etergrnlib.tlog\lib.command.1.tlog
