c:\users\burakdayanc\desktop\güncel\clıentsource\clıent\eterpack\release\eterpack.pdb
c:\users\burakdayanc\desktop\güncel\clıentsource\clıent\eterpack\release\stdafx.obj
c:\users\burakdayanc\desktop\güncel\clıentsource\clıent\eterpack\release\eterpackpolıcy_cshybrıdcrypt.obj
c:\users\burakdayanc\desktop\güncel\clıentsource\clıent\eterpack\release\eterpackmanager.obj
c:\users\burakdayanc\desktop\güncel\clıentsource\clıent\eterpack\release\eterpackcursor.obj
c:\users\burakdayanc\desktop\güncel\clıentsource\clıent\eterpack\release\eterpack.obj
c:\users\burakdayanc\desktop\güncel\clıentsource\clıent\eterpack\release\md5.obj
c:\users\burakdayanc\desktop\güncel\clıentsource\clıent\eterpack\release\eterpack.lıb
c:\users\burakdayanc\desktop\güncel\clientsource\client\eterpack\release\eterpack.obj
c:\users\burakdayanc\desktop\güncel\clientsource\client\eterpack\release\eterpackcursor.obj
c:\users\burakdayanc\desktop\güncel\clientsource\client\eterpack\release\eterpackmanager.obj
c:\users\burakdayanc\desktop\güncel\clientsource\client\eterpack\release\eterpackpolicy_cshybridcrypt.obj
c:\users\burakdayanc\desktop\güncel\clientsource\client\eterpack\release\md5.obj
c:\users\burakdayanc\desktop\güncel\clientsource\client\eterpack\release\stdafx.obj
c:\users\burakdayanc\desktop\güncel\clientsource\client\eterpack\release\eterpack.pdb
c:\users\burakdayanc\desktop\güncel\clientsource\client\eterpack\release\eterpack.tlog\cl.command.1.tlog
c:\users\burakdayanc\desktop\güncel\clientsource\client\eterpack\release\eterpack.tlog\cl.read.1.tlog
c:\users\burakdayanc\desktop\güncel\clientsource\client\eterpack\release\eterpack.tlog\cl.write.1.tlog
c:\users\burakdayanc\desktop\güncel\clientsource\client\eterpack\release\eterpack.tlog\lib-link.read.1.tlog
c:\users\burakdayanc\desktop\güncel\clientsource\client\eterpack\release\eterpack.tlog\lib-link.write.1.tlog
c:\users\burakdayanc\desktop\güncel\clientsource\client\eterpack\release\eterpack.tlog\lib.command.1.tlog
