c:\users\burakdayanc\desktop\güncel\clıentsource\clıent\scrıptlıb\release\scrıptlıb.pch
c:\users\burakdayanc\desktop\güncel\clıentsource\clıent\scrıptlıb\release\scrıptlıb.pdb
c:\users\burakdayanc\desktop\güncel\clıentsource\clıent\scrıptlıb\release\stdafx.obj
c:\users\burakdayanc\desktop\güncel\clıentsource\clıent\scrıptlıb\release\resource.obj
c:\users\burakdayanc\desktop\güncel\clıentsource\clıent\scrıptlıb\release\pythonutıls.obj
c:\users\burakdayanc\desktop\güncel\clıentsource\clıent\scrıptlıb\release\pythonmarshal.obj
c:\users\burakdayanc\desktop\güncel\clıentsource\clıent\scrıptlıb\release\pythonlauncher.obj
c:\users\burakdayanc\desktop\güncel\clıentsource\clıent\scrıptlıb\release\pythondebugmodule.obj
c:\users\burakdayanc\desktop\güncel\clıentsource\clıent\scrıptlıb\release\scrıptlıb.lıb
c:\users\burakdayanc\desktop\güncel\clientsource\client\scriptlib\release\pythondebugmodule.obj
c:\users\burakdayanc\desktop\güncel\clientsource\client\scriptlib\release\pythonlauncher.obj
c:\users\burakdayanc\desktop\güncel\clientsource\client\scriptlib\release\pythonmarshal.obj
c:\users\burakdayanc\desktop\güncel\clientsource\client\scriptlib\release\pythonutils.obj
c:\users\burakdayanc\desktop\güncel\clientsource\client\scriptlib\release\resource.obj
c:\users\burakdayanc\desktop\güncel\clientsource\client\scriptlib\release\stdafx.obj
c:\users\burakdayanc\desktop\güncel\clientsource\client\scriptlib\release\scriptlib.pch
c:\users\burakdayanc\desktop\güncel\clientsource\client\scriptlib\release\scriptlib.pdb
c:\users\burakdayanc\desktop\güncel\clientsource\client\scriptlib\release\scriptlib.tlog\cl.command.1.tlog
c:\users\burakdayanc\desktop\güncel\clientsource\client\scriptlib\release\scriptlib.tlog\cl.read.1.tlog
c:\users\burakdayanc\desktop\güncel\clientsource\client\scriptlib\release\scriptlib.tlog\cl.write.1.tlog
c:\users\burakdayanc\desktop\güncel\clientsource\client\scriptlib\release\scriptlib.tlog\lib-link.read.1.tlog
c:\users\burakdayanc\desktop\güncel\clientsource\client\scriptlib\release\scriptlib.tlog\lib-link.write.1.tlog
c:\users\burakdayanc\desktop\güncel\clientsource\client\scriptlib\release\scriptlib.tlog\lib.command.1.tlog
