c:\ds project\ds fıles\source\clıentsource\clıent\prterraınlıb\dıstrıbute\prterraınlıb.pch
c:\ds project\ds fıles\source\clıentsource\clıent\prterraınlıb\dıstrıbute\prterraınlıb.pdb
c:\ds project\ds fıles\source\clıentsource\clıent\prterraınlıb\dıstrıbute\stdafx.obj
c:\ds project\ds fıles\source\clıentsource\clıent\prterraınlıb\dıstrıbute\stdafx.cod
c:\ds project\ds fıles\source\clıentsource\clıent\prterraınlıb\dıstrıbute\textureset.obj
c:\ds project\ds fıles\source\clıentsource\clıent\prterraınlıb\dıstrıbute\textureset.cod
c:\ds project\ds fıles\source\clıentsource\clıent\prterraınlıb\dıstrıbute\terraın.obj
c:\ds project\ds fıles\source\clıentsource\clıent\prterraınlıb\dıstrıbute\terraın.cod
c:\ds project\ds fıles\source\clıentsource\clıent\prterraınlıb\dıstrıbute\prterraınlıb.lıb
c:\ds project\ds files\source\clientsource\client\prterrainlib\distribute\stdafx.obj
c:\ds project\ds files\source\clientsource\client\prterrainlib\distribute\terrain.obj
c:\ds project\ds files\source\clientsource\client\prterrainlib\distribute\textureset.obj
c:\ds project\ds files\source\clientsource\client\prterrainlib\distribute\prterrainlib.pch
c:\ds project\ds files\source\clientsource\client\prterrainlib\distribute\prterrainlib.pdb
c:\ds project\ds files\source\clientsource\client\prterrainlib\distribute\prterrainlib.tlog\cl.command.1.tlog
c:\ds project\ds files\source\clientsource\client\prterrainlib\distribute\prterrainlib.tlog\cl.read.1.tlog
c:\ds project\ds files\source\clientsource\client\prterrainlib\distribute\prterrainlib.tlog\cl.write.1.tlog
c:\ds project\ds files\source\clientsource\client\prterrainlib\distribute\prterrainlib.tlog\lib-link.read.1.tlog
c:\ds project\ds files\source\clientsource\client\prterrainlib\distribute\prterrainlib.tlog\lib-link.write.1.tlog
c:\ds project\ds files\source\clientsource\client\prterrainlib\distribute\prterrainlib.tlog\lib.command.1.tlog
